{
  "numFailedTestSuites": 4,
  "numFailedTests": 11,
  "numPassedTestSuites": 10,
  "numPassedTests": 50,
  "numPendingTestSuites": 1,
  "numPendingTests": 1,
  "numRuntimeErrorTestSuites": 0,
  "numTodoTests": 0,
  "numTotalTestSuites": 15,
  "numTotalTests": 62,
  "openHandles": [],
  "snapshot": {
    "added": 0,
    "didUpdate": false,
    "failure": true,
    "filesAdded": 0,
    "filesRemoved": 0,
    "filesRemovedList": [],
    "filesUnmatched": 1,
    "filesUpdated": 0,
    "matched": 2,
    "total": 3,
    "unchecked": 0,
    "uncheckedKeysByFile": [],
    "unmatched": 1,
    "updated": 0
  },
  "startTime": 1755167167143,
  "success": false,
  "testResults": [
    {
      "assertionResults": [
        {
          "ancestorTitles": ["CardGrid Component"],
          "duration": 98,
          "failureDetails": [],
          "failureMessages": [],
          "fullName": "CardGrid Component renders cards correctly",
          "invocations": 1,
          "location": null,
          "numPassingAsserts": 2,
          "retryReasons": [],
          "status": "passed",
          "title": "renders cards correctly"
        },
        {
          "ancestorTitles": ["CardGrid Component"],
          "duration": 19,
          "failureDetails": [],
          "failureMessages": [],
          "fullName": "CardGrid Component renders loading state",
          "invocations": 1,
          "location": null,
          "numPassingAsserts": 2,
          "retryReasons": [],
          "status": "passed",
          "title": "renders loading state"
        },
        {
          "ancestorTitles": ["CardGrid Component"],
          "duration": 3,
          "failureDetails": [],
          "failureMessages": [],
          "fullName": "CardGrid Component renders empty state with custom message",
          "invocations": 1,
          "location": null,
          "numPassingAsserts": 1,
          "retryReasons": [],
          "status": "passed",
          "title": "renders empty state with custom message"
        },
        {
          "ancestorTitles": ["CardGrid Component"],
          "duration": 335,
          "failureDetails": [{ "name": "TestingLibraryElementError" }],
          "failureMessages": [
            "TestingLibraryElementError: Unable to find an accessible element with the role \"button\" and name `/test card 1/i`\n\nHere are the accessible roles:\n\n  heading:\n\n  Name \"Test Card 1\":\n  \u001b[36m<h3\u001b[39m\n    \u001b[33mclass\u001b[39m=\u001b[32m\"font-bold text-sm mb-1 truncate text-white group-hover:text-current\"\u001b[39m\n  \u001b[36m/>\u001b[39m\n\n  Name \"Test Card 2\":\n  \u001b[36m<h3\u001b[39m\n    \u001b[33mclass\u001b[39m=\u001b[32m\"font-bold text-sm mb-1 truncate text-white group-hover:text-current\"\u001b[39m\n  \u001b[36m/>\u001b[39m\n\n  --------------------------------------------------\n\nIgnored nodes: comments, script, style\n\u001b[36m<body>\u001b[39m\n  \u001b[36m<div>\u001b[39m\n    \u001b[36m<div\u001b[39m\n      \u001b[33mclass\u001b[39m=\u001b[32m\"grid gap-4 grid-cols-1 sm:grid-cols-2 md:grid-cols-3 lg:grid-cols-4\"\u001b[39m\n    \u001b[36m>\u001b[39m\n      \u001b[36m<div\u001b[39m\n        \u001b[33mclass\u001b[39m=\u001b[32m\"rounded-lg shadow-sm relative overflow-hidden transition-all duration-300 cursor-pointer group card-size-md h-64 bg-slate-800/90 border-slate-600 hover:scale-105 hover:shadow-lg border-2 text-faction-solaris-primary\"\u001b[39m\n        \u001b[33mdraggable\u001b[39m=\u001b[32m\"false\"\u001b[39m\n      \u001b[36m>\u001b[39m\n        \u001b[36m<div\u001b[39m\n          \u001b[33mclass\u001b[39m=\u001b[32m\"flex flex-col space-y-1.5 p-2 pb-1\"\u001b[39m\n        \u001b[36m>\u001b[39m\n          \u001b[36m<div\u001b[39m\n            \u001b[33mclass\u001b[39m=\u001b[32m\"flex justify-between items-start\"\u001b[39m\n          \u001b[36m>\u001b[39m\n            \u001b[36m<div\u001b[39m\n              \u001b[33mclass\u001b[39m=\u001b[32m\"w-8 h-8 rounded-full flex items-center justify-center text-sm font-bold bg-gray-800 text-white\"\u001b[39m\n            \u001b[36m>\u001b[39m\n              \u001b[0m2\u001b[0m\n            \u001b[36m</div>\u001b[39m\n            \u001b[36m<div\u001b[39m\n              \u001b[33mclass\u001b[39m=\u001b[32m\"inline-flex items-center rounded-full border px-2.5 py-0.5 font-semibold transition-colors focus:outline-none focus:ring-2 focus:ring-ring focus:ring-offset-2 hover:bg-primary/80 text-xs bg-gray-600 text-white border-transparent\"\u001b[39m\n            \u001b[36m>\u001b[39m\n              \u001b[0mcommon\u001b[0m\n            \u001b[36m</div>\u001b[39m\n          \u001b[36m</div>\u001b[39m\n          \u001b[36m<h3\u001b[39m\n            \u001b[33mclass\u001b[39m=\u001b[32m\"font-bold text-sm mb-1 truncate text-white group-hover:text-current\"\u001b[39m\n          \u001b[36m>\u001b[39m\n            \u001b[0mTest Card 1\u001b[0m\n          \u001b[36m</h3>\u001b[39m\n          \u001b[36m<div\u001b[39m\n            \u001b[33mclass\u001b[39m=\u001b[32m\"flex items-center text-xs text-gray-400\"\u001b[39m\n          \u001b[36m>\u001b[39m\n            \u001b[36m<span>\u001b[39m\n              \u001b[0munit\u001b[0m\n            \u001b[36m</span>\u001b[39m\n          \u001b[36m</div>\u001b[39m\n        \u001b[36m</div>\u001b[39m\n        \u001b[36m<div\u001b[39m\n          \u001b[33mclass\u001b[39m=\u001b[32m\"p-3 pt-1 flex flex-col h-full\"\u001b[39m\n        \u001b[36m>\u001b[39m\n          \u001b[36m<div\u001b[39m\n            \u001b[33mclass\u001b[39m=\u001b[32m\"w-full h-1/3 bg-gray-700/50 rounded mb-2 relative overflow-hidden flex items-center justify-center\"\u001b[39m\n          \u001b[36m>\u001b[39m\n            \u001b[36m<div\u001b[39m\n              \u001b[33mclass\u001b[39m=\u001b[32m\"text-sm opacity-70 w-full h-full flex items-center justify-center text-faction-solaris-primary\"\u001b[39m\n            \u001b[36m>\u001b[39m\n              \u001b[36m<span\u001b[39m\n                \u001b[33mclass\u001b[39m=\u001b[32m\"font-bold\"\u001b[39m\n              \u001b[36m>\u001b[39m\n                \u001b[0mTe\u001b[0m\n              \u001b[36m</span>\u001b[39m\n            \u001b[36m</div>\u001b[39m\n          \u001b[36m</div>\u001b[39m\n          \u001b[36m<div\u001b[39m\n            \u001b[33mclass\u001b[39m=\u001b[32m\"flex justify-between mb-2\"\u001b[39m\n          \u001b[36m>\u001b[39m\n            \u001b[36m<div\u001b[39m\n              \u001b[33mclass\u001b[39m=\u001b[32m\"flex items-center gap-1 text-xs text-red-500\"\u001b[39m\n            \u001b[36m>\u001b[39m\n              \u001b[36m<svg\u001b[39m\n                \u001b[33mclass\u001b[39m=\u001b[32m\"lucide lucide-swords w-3 h-3\"\u001b[39m\n                \u001b[33mfill\u001b[39m=\u001b[32m\"none\"\u001b[39m\n                \u001b[33mheight\u001b[39m=\u001b[32m\"24\"\u001b[39m\n                \u001b[33mstroke\u001b[39m=\u001b[32m\"currentColor\"\u001b[39m\n                \u001b[33mstroke-linecap\u001b[39m=\u001b[32m\"round\"\u001b[39m\n                \u001b[33mstroke-linejoin\u001b[39m=\u001b[32m\"round\"\u001b[39m\n                \u001b[33mstroke-width\u001b[39m=\u001b[32m\"2\"\u001b[39m\n                \u001b[33mviewBox\u001b[39m=\u001b[32m\"0 0 24 24\"\u001b[39m\n                \u001b[33mwidth\u001b[39m=\u001b[32m\"24\"\u001b[39m\n                \u001b[33mxmlns\u001b[39m=\u001b[32m\"http://www.w3.org/2000/svg\"\u001b[39m\n              \u001b[36m>\u001b[39m\n                \u001b[36m<polyline\u001b[39m\n                  \u001b[33mpoints\u001b[39m=\u001b[32m\"14.5 17.5 3 6 3 3 6 3 17.5 14.5\"\u001b[39m\n                \u001b[36m/>\u001b[39m\n                \u001b[36m<line\u001b[39m\n                  \u001b[33mx1\u001b[39m=\u001b[32m\"13\"\u001b[39m\n                  \u001b[33mx2\u001b[39m=\u001b[32m\"19\"\u001b[39m\n                  \u001b[33my1\u001b[39m=\u001b[32m\"19\"\u001b[39m\n                  \u001b[33my2\u001b[39m=\u001b[32m\"13\"\u001b[39m\n                \u001b[36m/>\u001b[39m\n                \u001b[36m<line\u001b[39m\n                  \u001b[33mx1\u001b[39m=\u001b[32m\"16\"\u001b[39m\n                  \u001b[33mx2\u001b[39m=\u001b[32m\"20\"\u001b[39m\n                  \u001b[33my1\u001b[39m=\u001b[32m\"16\"\u001b[39m\n                  \u001b[33my2\u001b[39m=\u001b[32m\"20\"\u001b[39m\n                \u001b[36m/>\u001b[39m\n                \u001b[36m<line\u001b[39m\n                  \u001b[33mx1\u001b[39m=\u001b[32m\"19\"\u001b[39m\n                  \u001b[33mx2\u001b[39m=\u001b[32m\"21\"\u001b[39m\n                  \u001b[33my1\u001b[39m=\u001b[32m\"21\"\u001b[39m\n                  \u001b[33my2\u001b[39m=\u001b[32m\"19\"\u001b[39m\n                \u001b[36m/>\u001b[39m\n                \u001b[36m<polyline\u001b[39m\n                  \u001b[33mpoints\u001b[39m=\u001b[32m\"14.5 6.5 18 3 21 3 21 6 17.5 9.5\"\u001b[39m\n                \u001b[36m/>\u001b[39m\n                \u001b[36m<line\u001b[39m\n                  \u001b[33mx1\u001b[39m=\u001b[32m\"5\"\u001b[39m\n                  \u001b[33mx2\u001b[39m=\u001b[32m\"9\"\u001b[39m\n                  \u001b[33my1\u001b[39m=\u001b[32m\"14\"\u001b[39m\n                  \u001b[33my2\u001b[39m=\u001b[32m\"18\"\u001b[39m\n                \u001b[36m/>\u001b[39m\n                \u001b[36m<line\u001b[39m\n                  \u001b[33mx1\u001b[39m=\u001b[32m\"7\"\u001b[39m\n                  \u001b[33mx2\u001b[39m=\u001b[32m\"4\"\u001b[39m\n                  \u001b[33my1\u001b[39m=\u001b[32m\"17\"\u001b[39m\n                  \u001b[33my2\u001b[39m=\u001b[32m\"20\"\u001b[39m\n                \u001b[36m/>\u001b[39m\n                \u001b[36m<line\u001b[39m\n                  \u001b[33mx1\u001b[39m=\u001b[32m\"3\"\u001b[39m\n                  \u001b[33mx2\u001b[39m=\u001b[32m\"5\"\u001b[39m\n                  \u001b[33my1\u001b[39m=\u001b[32m\"19\"\u001b[39m\n                  \u001b[33my2\u001b[39m=\u001b[32m\"21\"\u001b[39m\n                \u001b[36m/>\u001b[39m\n              \u001b[36m</svg>\u001b[39m\n              \u001b[36m<span\u001b[39m\n                \u001b[33mclass\u001b[39m=\u001b[32m\"font-bold\"\u001b[39m\n              \u001b[36m>\u001b[39m\n                \u001b[0m2\u001b[0m\n              \u001b[36m</span>\u001b[39m\n              \u001b[36m<span\u001b[39m\n                \u001b[33mclass\u001b[39m=\u001b[32m\"ml-1 text-gray-600 dark:text-gray-400\"\u001b[39m\n              \u001b[36m>\u001b[39m\n                \u001b[0mATK\u001b[0m\n              \u001b[36m</span>\u001b[39m\n            \u001b[36m</div>\u001b[39m\n            \u001b[36m<div\u001b[39m\n              \u001b[33mclass\u001b[39m=\u001b[32m\"flex items-center gap-1 text-xs text-green-500\"\u001b[39m\n            \u001b[36m>\u001b[39m\n              \u001b[36m<svg\u001b[39m\n                \u001b[33mclass\u001b[39m=\u001b[32m\"lucide lucide-heart w-3 h-3\"\u001b[39m\n                \u001b[33mfill\u001b[39m=\u001b[32m\"none\"\u001b[39m\n                \u001b[33mheight\u001b[39m=\u001b[32m\"24\"\u001b[39m\n                \u001b[33mstroke\u001b[39m=\u001b[32m\"currentColor\"\u001b[39m\n                \u001b[33mstroke-linecap\u001b[39m=\u001b[32m\"round\"\u001b[39m\n                \u001b[33mstroke-linejoin\u001b[39m=\u001b[32m\"round\"\u001b[39m\n                \u001b[33mstroke-width\u001b[39m=\u001b[32m\"2\"\u001b[39m\n                \u001b[33mviewBox\u001b[39m=\u001b[32m\"0 0 24 24\"\u001b[39m\n                \u001b[33mwidth\u001b[39m=\u001b[32m\"24\"\u001b[39m\n                \u001b[33mxmlns\u001b[39m=\u001b[32m\"http://www.w3.org/2000/svg\"\u001b[39m\n              \u001b[36m>\u001b[39m\n                \u001b[36m<path\u001b[39m\n                  \u001b[33md\u001b[39m=\u001b[32m\"M19 14c1.49-1.46 3-3.21 3-5.5A5.5 5.5 0 0 0 16.5 3c-1.76 0-3 .5-4.5 2-1.5-1.5-2.74-2-4.5-2A5.5 5.5 0 0 0 2 8.5c0 2.3 1.5 4.05 3 5.5l7 7Z\"\u001b[39m\n                \u001b[36m/>\u001b[39m\n              \u001b[36m</svg>\u001b[39m\n              \u001b[36m<span\u001b[39m\n                \u001b[33mclass\u001b[39m=\u001b[32m\"font-bold\"\u001b[39m\n              \u001b[36m>\u001b[39m\n                \u001b[0m2\u001b[0m\n              \u001b[36m</span>\u001b[39m\n              \u001b[36m<span\u001b[39m\n                \u001b[33mclass\u001b[39m=\u001b[32m\"ml-1 text-gray-600 dark:text-gray-400\"\u001b[39m\n              \u001b[36m>\u001b[39m\n                \u001b[0mHP\u001b[0m\n              \u001b[36m</span>\u001b[39m\n            \u001b[36m</div>\u001b[39m\n          \u001b[36m</div>\u001b[39m\n          \u001b[36m<p\u001b[39m\n            \u001b[33mclass\u001b[39m=\u001b[32m\"text-xs text-gray-400 flex-1 overflow-hidden text-ellipsis\"\u001b[39m\n          \u001b[36m>\u001b[39m\n            \u001b[0mThis is a test card\u001b[0m\n          \u001b[36m</p>\u001b[39m\n          \u001b[36m<div\u001b[39m\n            \u001b[33mclass\u001b[39m=\u001b[32m\"mt-2\"\u001b[39m\n          \u001b[36m>\u001b[39m\n            \u001b[36m<div\u001b[39m\n              \u001b[33mclass\u001b[39m=\u001b[32m\"flex flex-wrap gap-1\"\u001b[39m\n            \u001b[36m>\u001b[39m\n              \u001b[36m<div\u001b[39m\n                \u001b[33mclass\u001b[39m=\u001b[32m\"inline-flex items-center rounded-full border px-2.5 py-0.5 font-semibold transition-colors focus:outline-none focus:ring-2 focus:ring-ring focus:ring-offset-2 text-foreground text-xs\"\u001b[39m\n              \u001b[36m>\u001b[39m\n                \u001b[0mTest Ability\u001b[0m\n              \u001b[36m</div>\u001b[39m\n            \u001b[36m</div>\u001b[39m\n          \u001b[36m</div>\u001b[39m\n        \u001b[36m</div>\u001b[39m\n        \u001b[36m<div\u001b[39m\n          \u001b[33mclass\u001b[39m=\u001b[32m\"absolute top-1 right-1 w-2 h-2 rounded-full bg-current opacity-60\"\u001b[39m\n        \u001b[36m/>\u001b[39m\n      \u001b[36m</div>\u001b[39m\n      \u001b[36m<div\u001b[39m\n        \u001b[33mclass\u001b[39m=\u001b[32m\"rounded-lg shadow-sm relative overflow-hidden transition-all duration-300 cursor-pointer group card-size-md h-64 bg-slate-800/90 border-slate-600 hover:scale-105 hover:shadow-lg border-2 text-faction-umbral-primary\"\u001b[39m\n        \u001b[33mdraggable\u001b[39m=\u001b[32m\"false\"\u001b[39m\n      \u001b[36m>\u001b[39m\n        \u001b[36m<div\u001b[39m\n          \u001b[33mclass\u001b[39m=\u001b[32m\"flex flex-col space-y-1.5 p-2 pb-1\"\u001b[39m\n        \u001b[36m>\u001b[39m\n          \u001b[36m<div\u001b[39m\n            \u001b[33mclass\u001b[39m=\u001b[32m\"flex justify-between items-start\"\u001b[39m\n          \u001b[36m>\u001b[39m\n            \u001b[36m<div\u001b[39m\n              \u001b[33mclass\u001b[39m=\u001b[32m\"w-8 h-8 rounded-full flex items-center justify-center text-sm font-bold bg-gray-800 text-white\"\u001b[39m\n            \u001b[36m>\u001b[39m\n              \u001b[0m3\u001b[0m\n            \u001b[36m</div>\u001b[39m\n            \u001b[36m<div\u001b[39m\n              \u001b[33mclass\u001b[39m=\u001b[32m\"inline-flex items-center rounded-full border px-2.5 py-0.5 font-semibold transition-colors focus:outline-none focus:ring-2 focus:ring-ring focus:ring-offset-2 hover:bg-primary/80 text-xs bg-blue-600 text-white border-transparent\"\u001b[39m\n            \u001b[36m>\u001b[39m\n              \u001b[0mrare\u001b[0m\n            \u001b[36m</div>\u001b[39m\n          \u001b[36m</div>\u001b[39m\n          \u001b[36m<h3\u001b[39m\n            \u001b[33mclass\u001b[39m=\u001b[32m\"font-bold text-sm mb-1 truncate text-white group-hover:text-current\"\u001b[39m\n          \u001b[36m>\u001b[39m\n            \u001b[0mTest Card 2\u001b[0m\n          \u001b[36m</h3>\u001b[39m\n          \u001b[36m<div\u001b[39m\n            \u001b[33mclass\u001b[39m=\u001b[32m\"flex items-center text-xs text-gray-400\"\u001b[39m\n          \u001b[36m>\u001b[39m\n            \u001b[36m<span>\u001b[39m\n              \u001b[0maction\u001b[0m\n            \u001b[36m</span>\u001b[39m\n          \u001b[36m</div>\u001b[39m\n        \u001b[36m</div>\u001b[39m\n        \u001b[36m<div\u001b[39m\n          \u001b[33mclass\u001b[39m=\u001b[32m\"p-3 pt-1 flex flex-col h-full\"\u001b[39m\n        \u001b[36m>\u001b[39m\n          \u001b[36m<div\u001b[39m\n            \u001b[33mclass\u001b[39m=\u001b[32m\"w-full h-1/3 bg-gray-700/50 rounded mb-2 relative overflow-hidden flex items-center justify-center\"\u001b[39m\n          \u001b[36m>\u001b[39m\n            \u001b[36m<div\u001b[39m\n              \u001b[33mclass\u001b[39m=\u001b[32m\"text-sm opacity-70 w-full h-full flex items-center justify-center text-faction-umbral-primary\"\u001b[39m\n            \u001b[36m>\u001b[39m\n              \u001b[36m<span\u001b[39m\n                \u001b[33mclass\u001b[39m=\u001b[32m\"font-bold\"\u001b[39m\n              \u001b[36m>\u001b[39m\n                \u001b[0mTe\u001b[0m\n              \u001b[36m</span>\u001b[39m\n            \u001b[36m</div>\u001b[39m\n          \u001b[36m</div>\u001b[39m\n          \u001b[36m<p\u001b[39m\n            \u001b[33mclass\u001b[39m=\u001b[32m\"text-xs text-gray-400 flex-1 overflow-hidden text-ellipsis\"\u001b[39m\n          \u001b[36m>\u001b[39m\n            \u001b[0mThis is another test card\u001b[0m\n          \u001b[36m</p>\u001b[39m\n          \u001b[36m<div\u001b[39m\n            \u001b[33mclass\u001b[39m=\u001b[32m\"mt-2\"\u001b[39m\n          \u001b[36m>\u001b[39m\n            \u001b[36m<div\u001b[39m\n              \u001b[33mclass\u001b[39m=\u001b[32m\"flex flex-wrap gap-1\"\u001b[39m\n            \u001b[36m>\u001b[39m\n              \u001b[36m<div\u001b[39m\n                \u001b[33mclass\u001b[39m=\u001b[32m\"inline-flex items-center rounded-full border px-2.5 py-0.5 font-semibold transition-colors focus:outline-none focus:ring-2 focus:ring-ring focus:ring-offset-2 text-foreground text-xs\"\u001b[39m\n              \u001b[36m>\u001b[39m\n                \u001b[0mAnother Test Ability\u001b[0m\n              \u001b[36m</div>\u001b[39m\n            \u001b[36m</div>\u001b[39m\n          \u001b[36m</div>\u001b[39m\n        \u001b[36m</div>\u001b[39m\n        \u001b[36m<div\u001b[39m\n          \u001b[33mclass\u001b[39m=\u001b[32m\"absolute top-1 right-1 w-2 h-2 rounded-full bg-current opacity-60\"\u001b[39m\n        \u001b[36m/>\u001b[39m\n      \u001b[36m</div>\u001b[39m\n    \u001b[36m</div>\u001b[39m\n  \u001b[36m</div>\u001b[39m\n\u001b[36m</body>\u001b[39m\n    at Object.getElementError (C:\\Users\\smitj\\repos\\crisis-unleashed-app\\crisis-unleashed-app\\node_modules\\.pnpm\\@testing-library+dom@9.3.4\\node_modules\\@testing-library\\dom\\dist\\config.js:37:19)\n    at C:\\Users\\smitj\\repos\\crisis-unleashed-app\\crisis-unleashed-app\\node_modules\\.pnpm\\@testing-library+dom@9.3.4\\node_modules\\@testing-library\\dom\\dist\\query-helpers.js:76:38\n    at C:\\Users\\smitj\\repos\\crisis-unleashed-app\\crisis-unleashed-app\\node_modules\\.pnpm\\@testing-library+dom@9.3.4\\node_modules\\@testing-library\\dom\\dist\\query-helpers.js:52:17\n    at C:\\Users\\smitj\\repos\\crisis-unleashed-app\\crisis-unleashed-app\\node_modules\\.pnpm\\@testing-library+dom@9.3.4\\node_modules\\@testing-library\\dom\\dist\\query-helpers.js:95:19\n    at Object.getByRole (C:\\Users\\smitj\\repos\\crisis-unleashed-app\\crisis-unleashed-app\\frontend-next\\src\\__tests__\\components\\cards\\CardGrid.test.tsx:114:30)\n    at Promise.then.completed (C:\\Users\\smitj\\repos\\crisis-unleashed-app\\crisis-unleashed-app\\node_modules\\.pnpm\\jest-circus@29.7.0\\node_modules\\jest-circus\\build\\utils.js:298:28)\n    at new Promise (<anonymous>)\n    at callAsyncCircusFn (C:\\Users\\smitj\\repos\\crisis-unleashed-app\\crisis-unleashed-app\\node_modules\\.pnpm\\jest-circus@29.7.0\\node_modules\\jest-circus\\build\\utils.js:231:10)\n    at _callCircusTest (C:\\Users\\smitj\\repos\\crisis-unleashed-app\\crisis-unleashed-app\\node_modules\\.pnpm\\jest-circus@29.7.0\\node_modules\\jest-circus\\build\\run.js:316:40)\n    at _runTest (C:\\Users\\smitj\\repos\\crisis-unleashed-app\\crisis-unleashed-app\\node_modules\\.pnpm\\jest-circus@29.7.0\\node_modules\\jest-circus\\build\\run.js:252:3)\n    at _runTestsForDescribeBlock (C:\\Users\\smitj\\repos\\crisis-unleashed-app\\crisis-unleashed-app\\node_modules\\.pnpm\\jest-circus@29.7.0\\node_modules\\jest-circus\\build\\run.js:126:9)\n    at _runTestsForDescribeBlock (C:\\Users\\smitj\\repos\\crisis-unleashed-app\\crisis-unleashed-app\\node_modules\\.pnpm\\jest-circus@29.7.0\\node_modules\\jest-circus\\build\\run.js:121:9)\n    at run (C:\\Users\\smitj\\repos\\crisis-unleashed-app\\crisis-unleashed-app\\node_modules\\.pnpm\\jest-circus@29.7.0\\node_modules\\jest-circus\\build\\run.js:71:3)\n    at runAndTransformResultsToJestFormat (C:\\Users\\smitj\\repos\\crisis-unleashed-app\\crisis-unleashed-app\\node_modules\\.pnpm\\jest-circus@29.7.0\\node_modules\\jest-circus\\build\\legacy-code-todo-rewrite\\jestAdapterInit.js:122:21)\n    at jestAdapter (C:\\Users\\smitj\\repos\\crisis-unleashed-app\\crisis-unleashed-app\\node_modules\\.pnpm\\jest-circus@29.7.0\\node_modules\\jest-circus\\build\\legacy-code-todo-rewrite\\jestAdapter.js:79:19)\n    at runTestInternal (C:\\Users\\smitj\\repos\\crisis-unleashed-app\\crisis-unleashed-app\\node_modules\\.pnpm\\jest-runner@29.7.0\\node_modules\\jest-runner\\build\\runTest.js:367:16)\n    at runTest (C:\\Users\\smitj\\repos\\crisis-unleashed-app\\crisis-unleashed-app\\node_modules\\.pnpm\\jest-runner@29.7.0\\node_modules\\jest-runner\\build\\runTest.js:444:34)"
          ],
          "fullName": "CardGrid Component calls click handler when card is clicked",
          "invocations": 1,
          "location": null,
          "numPassingAsserts": 0,
          "retryReasons": [],
          "status": "failed",
          "title": "calls click handler when card is clicked"
        },
        {
          "ancestorTitles": ["CardGrid Component"],
          "duration": 37,
          "failureDetails": [{ "name": "TestingLibraryElementError" }],
          "failureMessages": [
            "TestingLibraryElementError: Unable to find a label with the text of: Add card\n\nIgnored nodes: comments, script, style\n\u001b[36m<body>\u001b[39m\n  \u001b[36m<div>\u001b[39m\n    \u001b[36m<div\u001b[39m\n      \u001b[33mclass\u001b[39m=\u001b[32m\"grid gap-4 grid-cols-1 sm:grid-cols-2 md:grid-cols-3 lg:grid-cols-4\"\u001b[39m\n    \u001b[36m>\u001b[39m\n      \u001b[36m<div\u001b[39m\n        \u001b[33mclass\u001b[39m=\u001b[32m\"rounded-lg shadow-sm relative overflow-hidden transition-all duration-300 cursor-pointer group card-size-md h-64 bg-slate-800/90 border-slate-600 border-2 text-faction-solaris-primary\"\u001b[39m\n        \u001b[33mdraggable\u001b[39m=\u001b[32m\"false\"\u001b[39m\n      \u001b[36m>\u001b[39m\n        \u001b[36m<div\u001b[39m\n          \u001b[33mclass\u001b[39m=\u001b[32m\"flex flex-col space-y-1.5 p-2 pb-1\"\u001b[39m\n        \u001b[36m>\u001b[39m\n          \u001b[36m<div\u001b[39m\n            \u001b[33mclass\u001b[39m=\u001b[32m\"flex justify-between items-start\"\u001b[39m\n          \u001b[36m>\u001b[39m\n            \u001b[36m<div\u001b[39m\n              \u001b[33mclass\u001b[39m=\u001b[32m\"w-8 h-8 rounded-full flex items-center justify-center text-sm font-bold bg-gray-800 text-white\"\u001b[39m\n            \u001b[36m>\u001b[39m\n              \u001b[0m2\u001b[0m\n            \u001b[36m</div>\u001b[39m\n            \u001b[36m<div\u001b[39m\n              \u001b[33mclass\u001b[39m=\u001b[32m\"inline-flex items-center rounded-full border px-2.5 py-0.5 font-semibold transition-colors focus:outline-none focus:ring-2 focus:ring-ring focus:ring-offset-2 hover:bg-primary/80 text-xs bg-gray-600 text-white border-transparent\"\u001b[39m\n            \u001b[36m>\u001b[39m\n              \u001b[0mcommon\u001b[0m\n            \u001b[36m</div>\u001b[39m\n          \u001b[36m</div>\u001b[39m\n          \u001b[36m<h3\u001b[39m\n            \u001b[33mclass\u001b[39m=\u001b[32m\"font-bold text-sm mb-1 truncate text-white group-hover:text-current\"\u001b[39m\n          \u001b[36m>\u001b[39m\n            \u001b[0mTest Card 1\u001b[0m\n          \u001b[36m</h3>\u001b[39m\n          \u001b[36m<div\u001b[39m\n            \u001b[33mclass\u001b[39m=\u001b[32m\"flex items-center text-xs text-gray-400\"\u001b[39m\n          \u001b[36m>\u001b[39m\n            \u001b[36m<span>\u001b[39m\n              \u001b[0munit\u001b[0m\n            \u001b[36m</span>\u001b[39m\n          \u001b[36m</div>\u001b[39m\n        \u001b[36m</div>\u001b[39m\n        \u001b[36m<div\u001b[39m\n          \u001b[33mclass\u001b[39m=\u001b[32m\"p-3 pt-1 flex flex-col h-full\"\u001b[39m\n        \u001b[36m>\u001b[39m\n          \u001b[36m<div\u001b[39m\n            \u001b[33mclass\u001b[39m=\u001b[32m\"w-full h-1/3 bg-gray-700/50 rounded mb-2 relative overflow-hidden flex items-center justify-center\"\u001b[39m\n          \u001b[36m>\u001b[39m\n            \u001b[36m<div\u001b[39m\n              \u001b[33mclass\u001b[39m=\u001b[32m\"text-sm opacity-70 w-full h-full flex items-center justify-center text-faction-solaris-primary\"\u001b[39m\n            \u001b[36m>\u001b[39m\n              \u001b[36m<span\u001b[39m\n                \u001b[33mclass\u001b[39m=\u001b[32m\"font-bold\"\u001b[39m\n              \u001b[36m>\u001b[39m\n                \u001b[0mTe\u001b[0m\n              \u001b[36m</span>\u001b[39m\n            \u001b[36m</div>\u001b[39m\n          \u001b[36m</div>\u001b[39m\n          \u001b[36m<div\u001b[39m\n            \u001b[33mclass\u001b[39m=\u001b[32m\"flex justify-between mb-2\"\u001b[39m\n          \u001b[36m>\u001b[39m\n            \u001b[36m<div\u001b[39m\n              \u001b[33mclass\u001b[39m=\u001b[32m\"flex items-center gap-1 text-xs text-red-500\"\u001b[39m\n            \u001b[36m>\u001b[39m\n              \u001b[36m<svg\u001b[39m\n                \u001b[33mclass\u001b[39m=\u001b[32m\"lucide lucide-swords w-3 h-3\"\u001b[39m\n                \u001b[33mfill\u001b[39m=\u001b[32m\"none\"\u001b[39m\n                \u001b[33mheight\u001b[39m=\u001b[32m\"24\"\u001b[39m\n                \u001b[33mstroke\u001b[39m=\u001b[32m\"currentColor\"\u001b[39m\n                \u001b[33mstroke-linecap\u001b[39m=\u001b[32m\"round\"\u001b[39m\n                \u001b[33mstroke-linejoin\u001b[39m=\u001b[32m\"round\"\u001b[39m\n                \u001b[33mstroke-width\u001b[39m=\u001b[32m\"2\"\u001b[39m\n                \u001b[33mviewBox\u001b[39m=\u001b[32m\"0 0 24 24\"\u001b[39m\n                \u001b[33mwidth\u001b[39m=\u001b[32m\"24\"\u001b[39m\n                \u001b[33mxmlns\u001b[39m=\u001b[32m\"http://www.w3.org/2000/svg\"\u001b[39m\n              \u001b[36m>\u001b[39m\n                \u001b[36m<polyline\u001b[39m\n                  \u001b[33mpoints\u001b[39m=\u001b[32m\"14.5 17.5 3 6 3 3 6 3 17.5 14.5\"\u001b[39m\n                \u001b[36m/>\u001b[39m\n                \u001b[36m<line\u001b[39m\n                  \u001b[33mx1\u001b[39m=\u001b[32m\"13\"\u001b[39m\n                  \u001b[33mx2\u001b[39m=\u001b[32m\"19\"\u001b[39m\n                  \u001b[33my1\u001b[39m=\u001b[32m\"19\"\u001b[39m\n                  \u001b[33my2\u001b[39m=\u001b[32m\"13\"\u001b[39m\n                \u001b[36m/>\u001b[39m\n                \u001b[36m<line\u001b[39m\n                  \u001b[33mx1\u001b[39m=\u001b[32m\"16\"\u001b[39m\n                  \u001b[33mx2\u001b[39m=\u001b[32m\"20\"\u001b[39m\n                  \u001b[33my1\u001b[39m=\u001b[32m\"16\"\u001b[39m\n                  \u001b[33my2\u001b[39m=\u001b[32m\"20\"\u001b[39m\n                \u001b[36m/>\u001b[39m\n                \u001b[36m<line\u001b[39m\n                  \u001b[33mx1\u001b[39m=\u001b[32m\"19\"\u001b[39m\n                  \u001b[33mx2\u001b[39m=\u001b[32m\"21\"\u001b[39m\n                  \u001b[33my1\u001b[39m=\u001b[32m\"21\"\u001b[39m\n                  \u001b[33my2\u001b[39m=\u001b[32m\"19\"\u001b[39m\n                \u001b[36m/>\u001b[39m\n                \u001b[36m<polyline\u001b[39m\n                  \u001b[33mpoints\u001b[39m=\u001b[32m\"14.5 6.5 18 3 21 3 21 6 17.5 9.5\"\u001b[39m\n                \u001b[36m/>\u001b[39m\n                \u001b[36m<line\u001b[39m\n                  \u001b[33mx1\u001b[39m=\u001b[32m\"5\"\u001b[39m\n                  \u001b[33mx2\u001b[39m=\u001b[32m\"9\"\u001b[39m\n                  \u001b[33my1\u001b[39m=\u001b[32m\"14\"\u001b[39m\n                  \u001b[33my2\u001b[39m=\u001b[32m\"18\"\u001b[39m\n                \u001b[36m/>\u001b[39m\n                \u001b[36m<line\u001b[39m\n                  \u001b[33mx1\u001b[39m=\u001b[32m\"7\"\u001b[39m\n                  \u001b[33mx2\u001b[39m=\u001b[32m\"4\"\u001b[39m\n                  \u001b[33my1\u001b[39m=\u001b[32m\"17\"\u001b[39m\n                  \u001b[33my2\u001b[39m=\u001b[32m\"20\"\u001b[39m\n                \u001b[36m/>\u001b[39m\n                \u001b[36m<line\u001b[39m\n                  \u001b[33mx1\u001b[39m=\u001b[32m\"3\"\u001b[39m\n                  \u001b[33mx2\u001b[39m=\u001b[32m\"5\"\u001b[39m\n                  \u001b[33my1\u001b[39m=\u001b[32m\"19\"\u001b[39m\n                  \u001b[33my2\u001b[39m=\u001b[32m\"21\"\u001b[39m\n                \u001b[36m/>\u001b[39m\n              \u001b[36m</svg>\u001b[39m\n              \u001b[36m<span\u001b[39m\n                \u001b[33mclass\u001b[39m=\u001b[32m\"font-bold\"\u001b[39m\n              \u001b[36m>\u001b[39m\n                \u001b[0m2\u001b[0m\n              \u001b[36m</span>\u001b[39m\n              \u001b[36m<span\u001b[39m\n                \u001b[33mclass\u001b[39m=\u001b[32m\"ml-1 text-gray-600 dark:text-gray-400\"\u001b[39m\n              \u001b[36m>\u001b[39m\n                \u001b[0mATK\u001b[0m\n              \u001b[36m</span>\u001b[39m\n            \u001b[36m</div>\u001b[39m\n            \u001b[36m<div\u001b[39m\n              \u001b[33mclass\u001b[39m=\u001b[32m\"flex items-center gap-1 text-xs text-green-500\"\u001b[39m\n            \u001b[36m>\u001b[39m\n              \u001b[36m<svg\u001b[39m\n                \u001b[33mclass\u001b[39m=\u001b[32m\"lucide lucide-heart w-3 h-3\"\u001b[39m\n                \u001b[33mfill\u001b[39m=\u001b[32m\"none\"\u001b[39m\n                \u001b[33mheight\u001b[39m=\u001b[32m\"24\"\u001b[39m\n                \u001b[33mstroke\u001b[39m=\u001b[32m\"currentColor\"\u001b[39m\n                \u001b[33mstroke-linecap\u001b[39m=\u001b[32m\"round\"\u001b[39m\n                \u001b[33mstroke-linejoin\u001b[39m=\u001b[32m\"round\"\u001b[39m\n                \u001b[33mstroke-width\u001b[39m=\u001b[32m\"2\"\u001b[39m\n                \u001b[33mviewBox\u001b[39m=\u001b[32m\"0 0 24 24\"\u001b[39m\n                \u001b[33mwidth\u001b[39m=\u001b[32m\"24\"\u001b[39m\n                \u001b[33mxmlns\u001b[39m=\u001b[32m\"http://www.w3.org/2000/svg\"\u001b[39m\n              \u001b[36m>\u001b[39m\n                \u001b[36m<path\u001b[39m\n                  \u001b[33md\u001b[39m=\u001b[32m\"M19 14c1.49-1.46 3-3.21 3-5.5A5.5 5.5 0 0 0 16.5 3c-1.76 0-3 .5-4.5 2-1.5-1.5-2.74-2-4.5-2A5.5 5.5 0 0 0 2 8.5c0 2.3 1.5 4.05 3 5.5l7 7Z\"\u001b[39m\n                \u001b[36m/>\u001b[39m\n              \u001b[36m</svg>\u001b[39m\n              \u001b[36m<span\u001b[39m\n                \u001b[33mclass\u001b[39m=\u001b[32m\"font-bold\"\u001b[39m\n              \u001b[36m>\u001b[39m\n                \u001b[0m2\u001b[0m\n              \u001b[36m</span>\u001b[39m\n              \u001b[36m<span\u001b[39m\n                \u001b[33mclass\u001b[39m=\u001b[32m\"ml-1 text-gray-600 dark:text-gray-400\"\u001b[39m\n              \u001b[36m>\u001b[39m\n                \u001b[0mHP\u001b[0m\n              \u001b[36m</span>\u001b[39m\n            \u001b[36m</div>\u001b[39m\n          \u001b[36m</div>\u001b[39m\n          \u001b[36m<p\u001b[39m\n            \u001b[33mclass\u001b[39m=\u001b[32m\"text-xs text-gray-400 flex-1 overflow-hidden text-ellipsis\"\u001b[39m\n          \u001b[36m>\u001b[39m\n            \u001b[0mThis is a test card\u001b[0m\n          \u001b[36m</p>\u001b[39m\n          \u001b[36m<div\u001b[39m\n            \u001b[33mclass\u001b[39m=\u001b[32m\"mt-2\"\u001b[39m\n          \u001b[36m>\u001b[39m\n            \u001b[36m<div\u001b[39m\n              \u001b[33mclass\u001b[39m=\u001b[32m\"flex flex-wrap gap-1\"\u001b[39m\n            \u001b[36m>\u001b[39m\n              \u001b[36m<div\u001b[39m\n                \u001b[33mclass\u001b[39m=\u001b[32m\"inline-flex items-center rounded-full border px-2.5 py-0.5 font-semibold transition-colors focus:outline-none focus:ring-2 focus:ring-ring focus:ring-offset-2 text-foreground text-xs\"\u001b[39m\n              \u001b[36m>\u001b[39m\n                \u001b[0mTest Ability\u001b[0m\n              \u001b[36m</div>\u001b[39m\n            \u001b[36m</div>\u001b[39m\n          \u001b[36m</div>\u001b[39m\n          \u001b[36m<div\u001b[39m\n            \u001b[33mclass\u001b[39m=\u001b[32m\"mt-2 flex items-center justify-between\"\u001b[39m\n          \u001b[36m>\u001b[39m\n            \u001b[36m<div\u001b[39m\n              \u001b[33mclass\u001b[39m=\u001b[32m\"inline-flex items-center rounded-full border px-2.5 py-0.5 font-semibold transition-colors focus:outline-none focus:ring-2 focus:ring-ring focus:ring-offset-2 text-foreground text-xs dark:text-white\"\u001b[39m\n            \u001b[36m>\u001b[39m\n              \u001b[0m1\u001b[0m\n              \u001b[0m in deck\u001b[0m\n            \u001b[36m</div>\u001b[39m\n            \u001b[36m<div\u001b[39m\n              \u001b[33mclass\u001b[39m=\u001b[32m\"flex space-x-1 ml-auto\"\u001b[39m\n            \u001b[36m>\u001b[39m\n              \u001b[36m<span\u001b[39m\n                \u001b[33mclass\u001b[39m=\u001b[32m\"text-xs font-medium text-white bg-slate-700 px-2 py-1 rounded\"\u001b[39m\n              \u001b[36m>\u001b[39m\n                \u001b[0m1\u001b[0m\n                \u001b[0m/\u001b[0m\n                \u001b[0m3\u001b[0m\n              \u001b[36m</span>\u001b[39m\n              \u001b[36m<button\u001b[39m\n                \u001b[33mclass\u001b[39m=\u001b[32m\"inline-flex items-center justify-center whitespace-nowrap rounded-md text-sm font-medium ring-offset-background transition-colors focus-visible:outline-none focus-visible:ring-2 focus-visible:ring-ring focus-visible:ring-offset-2 disabled:pointer-events-none disabled:opacity-50 border border-input bg-background hover:bg-accent hover:text-accent-foreground h-9 rounded-md px-3 h-6 w-6 p-0\"\u001b[39m\n              \u001b[36m>\u001b[39m\n                \u001b[36m<svg\u001b[39m\n                  \u001b[33mclass\u001b[39m=\u001b[32m\"lucide lucide-plus w-3 h-3\"\u001b[39m\n                  \u001b[33mfill\u001b[39m=\u001b[32m\"none\"\u001b[39m\n                  \u001b[33mheight\u001b[39m=\u001b[32m\"24\"\u001b[39m\n                  \u001b[33mstroke\u001b[39m=\u001b[32m\"currentColor\"\u001b[39m\n                  \u001b[33mstroke-linecap\u001b[39m=\u001b[32m\"round\"\u001b[39m\n                  \u001b[33mstroke-linejoin\u001b[39m=\u001b[32m\"round\"\u001b[39m\n                  \u001b[33mstroke-width\u001b[39m=\u001b[32m\"2\"\u001b[39m\n                  \u001b[33mviewBox\u001b[39m=\u001b[32m\"0 0 24 24\"\u001b[39m\n                  \u001b[33mwidth\u001b[39m=\u001b[32m\"24\"\u001b[39m\n                  \u001b[33mxmlns\u001b[39m=\u001b[32m\"http://www.w3.org/2000/svg\"\u001b[39m\n                \u001b[36m>\u001b[39m\n                  \u001b[36m<path\u001b[39m\n                    \u001b[33md\u001b[39m=\u001b[32m\"M5 12h14\"\u001b[39m\n                  \u001b[36m/>\u001b[39m\n                  \u001b[36m<path\u001b[39m\n                    \u001b[33md\u001b[39m=\u001b[32m\"M12 5v14\"\u001b[39m\n                  \u001b[36m/>\u001b[39m\n                \u001b[36m</svg>\u001b[39m\n              \u001b[36m</button>\u001b[39m\n            \u001b[36m</div>\u001b[39m\n          \u001b[36m</div>\u001b[39m\n        \u001b[36m</div>\u001b[39m\n        \u001b[36m<div\u001b[39m\n          \u001b[33mclass\u001b[39m=\u001b[32m\"absolute top-1 right-1 w-2 h-2 rounded-full bg-current opacity-60\"\u001b[39m\n        \u001b[36m/>\u001b[39m\n      \u001b[36m</div>\u001b[39m\n      \u001b[36m<div\u001b[39m\n        \u001b[33mclass\u001b[39m=\u001b[32m\"rounded-lg shadow-sm relative overflow-hidden transition-all duration-300 cursor-pointer group card-size-md h-64 bg-slate-800/90 border-slate-600 border-2 text-faction-umbral-primary\"\u001b[39m\n        \u001b[33mdraggable\u001b[39m=\u001b[32m\"false\"\u001b[39m\n      \u001b[36m>\u001b[39m\n        \u001b[36m<div\u001b[39m\n          \u001b[33mclass\u001b[39m=\u001b[32m\"flex flex-col space-y-1.5 p-2 pb-1\"\u001b[39m\n        \u001b[36m>\u001b[39m\n          \u001b[36m<div\u001b[39m\n            \u001b[33mclass\u001b[39m=\u001b[32m\"flex justify-between items-start\"\u001b[39m\n          \u001b[36m>\u001b[39m\n            \u001b[36m<div\u001b[39m\n              \u001b[33mclass\u001b[39m=\u001b[32m\"w-8 h-8 rounded-full flex items-center justify-center text-sm font-bold bg-gray-800 text-white\"\u001b[39m\n            \u001b[36m>\u001b[39m\n              \u001b[0m3\u001b[0m\n            \u001b[36m</div>\u001b[39m\n            \u001b[36m<div\u001b[39m\n              \u001b[33mclass\u001b[39m=\u001b[32m\"inline-flex items-center rounded-full border px-2.5 py-0.5 font-semibold transition-colors focus:outline-none focus:ring-2 focus:ring-ring focus:ring-offset-2 hover:bg-primary/80 text-xs bg-blue-600 text-white border-transparent\"\u001b[39m\n            \u001b[36m>\u001b[39m\n              \u001b[0mrare\u001b[0m\n            \u001b[36m</div>\u001b[39m\n          \u001b[36m</div>\u001b[39m\n          \u001b[36m<h3\u001b[39m\n            \u001b[33mclass\u001b[39m=\u001b[32m\"font-bold text-sm mb-1 truncate text-white group-hover:text-current\"\u001b[39m\n          \u001b[36m>\u001b[39m\n            \u001b[0mTest Card 2\u001b[0m\n          \u001b[36m</h3>\u001b[39m\n          \u001b[36m<div\u001b[39m\n            \u001b[33mclass\u001b[39m=\u001b[32m\"flex items-center text-xs text-gray-400\"\u001b[39m\n          \u001b[36m>\u001b[39m\n            \u001b[36m<span>\u001b[39m\n              \u001b[0maction\u001b[0m\n            \u001b[36m</span>\u001b[39m\n          \u001b[36m</div>\u001b[39m\n        \u001b[36m</div>\u001b[39m\n        \u001b[36m<div\u001b[39m\n          \u001b[33mclass\u001b[39m=\u001b[32m\"p-3 pt-1 flex flex-col h-full\"\u001b[39m\n        \u001b[36m>\u001b[39m\n          \u001b[36m<div\u001b[39m\n            \u001b[33mclass\u001b[39m=\u001b[32m\"w-full h-1/3 bg-gray-700/50 rounded mb-2 relative overflow-hidden flex items-center justify-center\"\u001b[39m\n          \u001b[36m>\u001b[39m\n            \u001b[36m<div\u001b[39m\n              \u001b[33mclass\u001b[39m=\u001b[32m\"text-sm opacity-70 w-full h-full flex items-center justify-center text-faction-umbral-primary\"\u001b[39m\n            \u001b[36m>\u001b[39m\n              \u001b[36m<span\u001b[39m\n                \u001b[33mclass\u001b[39m=\u001b[32m\"font-bold\"\u001b[39m\n              \u001b[36m>\u001b[39m\n                \u001b[0mTe\u001b[0m\n              \u001b[36m</span>\u001b[39m\n            \u001b[36m</div>\u001b[39m\n          \u001b[36m</div>\u001b[39m\n          \u001b[36m<p\u001b[39m\n            \u001b[33mclass\u001b[39m=\u001b[32m\"text-xs text-gray-400 flex-1 overflow-hidden text-ellipsis\"\u001b[39m\n          \u001b[36m>\u001b[39m\n            \u001b[0mThis is another test card\u001b[0m\n          \u001b[36m</p>\u001b[39m\n          \u001b[36m<div\u001b[39m\n            \u001b[33mclass\u001b[39m=\u001b[32m\"mt-2\"\u001b[39m\n          \u001b[36m>\u001b[39m\n            \u001b[36m<div\u001b[39m\n              \u001b[33mclass\u001b[39m=\u001b[32m\"flex flex-wrap gap-1\"\u001b[39m\n            \u001b[36m>\u001b[39m\n              \u001b[36m<div\u001b[39m\n                \u001b[33mclass\u001b[39m=\u001b[32m\"inline-flex items-center rounded-full border px-2.5 py-0.5 font-semibold transition-colors focus:outline-none focus:ring-2 focus:ring-ring focus:ring-offset-2 text-foreground text-xs\"\u001b[39m\n              \u001b[36m>\u001b[39m\n                \u001b[0mAnother Test Ability\u001b[0m\n              \u001b[36m</div>\u001b[39m\n            \u001b[36m</div>\u001b[39m\n          \u001b[36m</div>\u001b[39m\n          \u001b[36m<div\u001b[39m\n            \u001b[33mclass\u001b[39m=\u001b[32m\"mt-2 flex items-center justify-between\"\u001b[39m\n          \u001b[36m>\u001b[39m\n            \u001b[36m<div\u001b[39m\n              \u001b[33mclass\u001b[39m=\u001b[32m\"inline-flex items-center rounded-full border px-2.5 py-0.5 font-semibold transition-colors focus:outline-none focus:ring-2 focus:ring-ring focus:ring-offset-2 text-foreground text-xs dark:text-white\"\u001b[39m\n            \u001b[36m>\u001b[39m\n              \u001b[0m1\u001b[0m\n              \u001b[0m in deck\u001b[0m\n            \u001b[36m</div>\u001b[39m\n            \u001b[36m<div\u001b[39m\n              \u001b[33mclass\u001b[39m=\u001b[32m\"flex space-x-1 ml-auto\"\u001b[39m\n            \u001b[36m>\u001b[39m\n              \u001b[36m<span\u001b[39m\n                \u001b[33mclass\u001b[39m=\u001b[32m\"text-xs font-medium text-white bg-slate-700 px-2 py-1 rounded\"\u001b[39m\n              \u001b[36m>\u001b[39m\n                \u001b[0m1\u001b[0m\n                \u001b[0m/\u001b[0m\n                \u001b[0m3\u001b[0m\n              \u001b[36m</span>\u001b[39m\n              \u001b[36m<button\u001b[39m\n                \u001b[33mclass\u001b[39m=\u001b[32m\"inline-flex items-center justify-center whitespace-nowrap rounded-md text-sm font-medium ring-offset-background transition-colors focus-visible:outline-none focus-visible:ring-2 focus-visible:ring-ring focus-visible:ring-offset-2 disabled:pointer-events-none disabled:opacity-50 border border-input bg-background hover:bg-accent hover:text-accent-foreground h-9 rounded-md px-3 h-6 w-6 p-0\"\u001b[39m\n              \u001b[36m>\u001b[39m\n                \u001b[36m<svg\u001b[39m\n                  \u001b[33mclass\u001b[39m=\u001b[32m\"lucide lucide-plus w-3 h-3\"\u001b[39m\n                  \u001b[33mfill\u001b[39m=\u001b[32m\"none\"\u001b[39m\n                  \u001b[33mheight\u001b[39m=\u001b[32m\"24\"\u001b[39m\n                  \u001b[33mstroke\u001b[39m=\u001b[32m\"currentColor\"\u001b[39m\n                  \u001b[33mstroke-linecap\u001b[39m=\u001b[32m\"round\"\u001b[39m\n                  \u001b[33mstroke-linejoin\u001b[39m=\u001b[32m\"round\"\u001b[39m\n                  \u001b[33mstroke-width\u001b[39m=\u001b[32m\"2\"\u001b[39m\n                  \u001b[33mviewBox\u001b[39m=\u001b[32m\"0 0 24 24\"\u001b[39m\n                  \u001b[33mwidth\u001b[39m=\u001b[32m\"24\"\u001b[39m\n                  \u001b[33mxmlns\u001b[39m=\u001b[32m\"http://www.w3.org/2000/svg\"\u001b[39m\n                \u001b[36m>\u001b[39m\n                  \u001b[36m<path\u001b[39m\n                    \u001b[33md\u001b[39m=\u001b[32m\"M5 12h14\"\u001b[39m\n                  \u001b[36m/>\u001b[39m\n                  \u001b[36m<path\u001b[39m\n                    \u001b[33md\u001b[39m=\u001b[32m\"M12 5v14\"\u001b[39m\n                  \u001b[36m/>\u001b[39m\n                \u001b[36m</svg>\u001b[39m\n              \u001b[36m</button>\u001b[39m\n            \u001b[36m</div>\u001b[39m\n          \u001b[36m</div>\u001b[39m\n        \u001b[36m</div>\u001b[39m\n        \u001b[36m<div\u001b[39m\n          \u001b[33mclass\u001b[39m=\u001b[32m\"absolute top-1 right-1 w-2 h-2 rounded-full bg-current opacity-60\"\u001b[39m\n        \u001b[36m/>\u001b[39m\n      \u001b[36m</div>\u001b[39m\n    \u001b[36m</div>\u001b[39m\n  \u001b[36m</div>\u001b[39m\n\u001b[36m</body>\u001b[39m\n    at Object.getElementError (C:\\Users\\smitj\\repos\\crisis-unleashed-app\\crisis-unleashed-app\\node_modules\\.pnpm\\@testing-library+dom@9.3.4\\node_modules\\@testing-library\\dom\\dist\\config.js:37:19)\n    at getAllByLabelText (C:\\Users\\smitj\\repos\\crisis-unleashed-app\\crisis-unleashed-app\\node_modules\\.pnpm\\@testing-library+dom@9.3.4\\node_modules\\@testing-library\\dom\\dist\\queries\\label-text.js:111:38)\n    at C:\\Users\\smitj\\repos\\crisis-unleashed-app\\crisis-unleashed-app\\node_modules\\.pnpm\\@testing-library+dom@9.3.4\\node_modules\\@testing-library\\dom\\dist\\query-helpers.js:109:15\n    at Object.getAllByLabelText (C:\\Users\\smitj\\repos\\crisis-unleashed-app\\crisis-unleashed-app\\frontend-next\\src\\__tests__\\components\\cards\\CardGrid.test.tsx:131:31)\n    at Promise.then.completed (C:\\Users\\smitj\\repos\\crisis-unleashed-app\\crisis-unleashed-app\\node_modules\\.pnpm\\jest-circus@29.7.0\\node_modules\\jest-circus\\build\\utils.js:298:28)\n    at new Promise (<anonymous>)\n    at callAsyncCircusFn (C:\\Users\\smitj\\repos\\crisis-unleashed-app\\crisis-unleashed-app\\node_modules\\.pnpm\\jest-circus@29.7.0\\node_modules\\jest-circus\\build\\utils.js:231:10)\n    at _callCircusTest (C:\\Users\\smitj\\repos\\crisis-unleashed-app\\crisis-unleashed-app\\node_modules\\.pnpm\\jest-circus@29.7.0\\node_modules\\jest-circus\\build\\run.js:316:40)\n    at _runTest (C:\\Users\\smitj\\repos\\crisis-unleashed-app\\crisis-unleashed-app\\node_modules\\.pnpm\\jest-circus@29.7.0\\node_modules\\jest-circus\\build\\run.js:252:3)\n    at _runTestsForDescribeBlock (C:\\Users\\smitj\\repos\\crisis-unleashed-app\\crisis-unleashed-app\\node_modules\\.pnpm\\jest-circus@29.7.0\\node_modules\\jest-circus\\build\\run.js:126:9)\n    at _runTestsForDescribeBlock (C:\\Users\\smitj\\repos\\crisis-unleashed-app\\crisis-unleashed-app\\node_modules\\.pnpm\\jest-circus@29.7.0\\node_modules\\jest-circus\\build\\run.js:121:9)\n    at run (C:\\Users\\smitj\\repos\\crisis-unleashed-app\\crisis-unleashed-app\\node_modules\\.pnpm\\jest-circus@29.7.0\\node_modules\\jest-circus\\build\\run.js:71:3)\n    at runAndTransformResultsToJestFormat (C:\\Users\\smitj\\repos\\crisis-unleashed-app\\crisis-unleashed-app\\node_modules\\.pnpm\\jest-circus@29.7.0\\node_modules\\jest-circus\\build\\legacy-code-todo-rewrite\\jestAdapterInit.js:122:21)\n    at jestAdapter (C:\\Users\\smitj\\repos\\crisis-unleashed-app\\crisis-unleashed-app\\node_modules\\.pnpm\\jest-circus@29.7.0\\node_modules\\jest-circus\\build\\legacy-code-todo-rewrite\\jestAdapter.js:79:19)\n    at runTestInternal (C:\\Users\\smitj\\repos\\crisis-unleashed-app\\crisis-unleashed-app\\node_modules\\.pnpm\\jest-runner@29.7.0\\node_modules\\jest-runner\\build\\runTest.js:367:16)\n    at runTest (C:\\Users\\smitj\\repos\\crisis-unleashed-app\\crisis-unleashed-app\\node_modules\\.pnpm\\jest-runner@29.7.0\\node_modules\\jest-runner\\build\\runTest.js:444:34)"
          ],
          "fullName": "CardGrid Component calls add handler when add button is clicked",
          "invocations": 1,
          "location": null,
          "numPassingAsserts": 0,
          "retryReasons": [],
          "status": "failed",
          "title": "calls add handler when add button is clicked"
        },
        {
          "ancestorTitles": ["CardGrid Component"],
          "duration": 36,
          "failureDetails": [{ "name": "TestingLibraryElementError" }],
          "failureMessages": [
            "TestingLibraryElementError: Unable to find a label with the text of: Remove card\n\nIgnored nodes: comments, script, style\n\u001b[36m<body>\u001b[39m\n  \u001b[36m<div>\u001b[39m\n    \u001b[36m<div\u001b[39m\n      \u001b[33mclass\u001b[39m=\u001b[32m\"grid gap-4 grid-cols-1 sm:grid-cols-2 md:grid-cols-3 lg:grid-cols-4\"\u001b[39m\n    \u001b[36m>\u001b[39m\n      \u001b[36m<div\u001b[39m\n        \u001b[33mclass\u001b[39m=\u001b[32m\"rounded-lg shadow-sm relative overflow-hidden transition-all duration-300 cursor-pointer group card-size-md h-64 bg-slate-800/90 border-slate-600 border-2 text-faction-solaris-primary\"\u001b[39m\n        \u001b[33mdraggable\u001b[39m=\u001b[32m\"false\"\u001b[39m\n      \u001b[36m>\u001b[39m\n        \u001b[36m<div\u001b[39m\n          \u001b[33mclass\u001b[39m=\u001b[32m\"flex flex-col space-y-1.5 p-2 pb-1\"\u001b[39m\n        \u001b[36m>\u001b[39m\n          \u001b[36m<div\u001b[39m\n            \u001b[33mclass\u001b[39m=\u001b[32m\"flex justify-between items-start\"\u001b[39m\n          \u001b[36m>\u001b[39m\n            \u001b[36m<div\u001b[39m\n              \u001b[33mclass\u001b[39m=\u001b[32m\"w-8 h-8 rounded-full flex items-center justify-center text-sm font-bold bg-gray-800 text-white\"\u001b[39m\n            \u001b[36m>\u001b[39m\n              \u001b[0m2\u001b[0m\n            \u001b[36m</div>\u001b[39m\n            \u001b[36m<div\u001b[39m\n              \u001b[33mclass\u001b[39m=\u001b[32m\"inline-flex items-center rounded-full border px-2.5 py-0.5 font-semibold transition-colors focus:outline-none focus:ring-2 focus:ring-ring focus:ring-offset-2 hover:bg-primary/80 text-xs bg-gray-600 text-white border-transparent\"\u001b[39m\n            \u001b[36m>\u001b[39m\n              \u001b[0mcommon\u001b[0m\n            \u001b[36m</div>\u001b[39m\n          \u001b[36m</div>\u001b[39m\n          \u001b[36m<h3\u001b[39m\n            \u001b[33mclass\u001b[39m=\u001b[32m\"font-bold text-sm mb-1 truncate text-white group-hover:text-current\"\u001b[39m\n          \u001b[36m>\u001b[39m\n            \u001b[0mTest Card 1\u001b[0m\n          \u001b[36m</h3>\u001b[39m\n          \u001b[36m<div\u001b[39m\n            \u001b[33mclass\u001b[39m=\u001b[32m\"flex items-center text-xs text-gray-400\"\u001b[39m\n          \u001b[36m>\u001b[39m\n            \u001b[36m<span>\u001b[39m\n              \u001b[0munit\u001b[0m\n            \u001b[36m</span>\u001b[39m\n          \u001b[36m</div>\u001b[39m\n        \u001b[36m</div>\u001b[39m\n        \u001b[36m<div\u001b[39m\n          \u001b[33mclass\u001b[39m=\u001b[32m\"p-3 pt-1 flex flex-col h-full\"\u001b[39m\n        \u001b[36m>\u001b[39m\n          \u001b[36m<div\u001b[39m\n            \u001b[33mclass\u001b[39m=\u001b[32m\"w-full h-1/3 bg-gray-700/50 rounded mb-2 relative overflow-hidden flex items-center justify-center\"\u001b[39m\n          \u001b[36m>\u001b[39m\n            \u001b[36m<div\u001b[39m\n              \u001b[33mclass\u001b[39m=\u001b[32m\"text-sm opacity-70 w-full h-full flex items-center justify-center text-faction-solaris-primary\"\u001b[39m\n            \u001b[36m>\u001b[39m\n              \u001b[36m<span\u001b[39m\n                \u001b[33mclass\u001b[39m=\u001b[32m\"font-bold\"\u001b[39m\n              \u001b[36m>\u001b[39m\n                \u001b[0mTe\u001b[0m\n              \u001b[36m</span>\u001b[39m\n            \u001b[36m</div>\u001b[39m\n          \u001b[36m</div>\u001b[39m\n          \u001b[36m<div\u001b[39m\n            \u001b[33mclass\u001b[39m=\u001b[32m\"flex justify-between mb-2\"\u001b[39m\n          \u001b[36m>\u001b[39m\n            \u001b[36m<div\u001b[39m\n              \u001b[33mclass\u001b[39m=\u001b[32m\"flex items-center gap-1 text-xs text-red-500\"\u001b[39m\n            \u001b[36m>\u001b[39m\n              \u001b[36m<svg\u001b[39m\n                \u001b[33mclass\u001b[39m=\u001b[32m\"lucide lucide-swords w-3 h-3\"\u001b[39m\n                \u001b[33mfill\u001b[39m=\u001b[32m\"none\"\u001b[39m\n                \u001b[33mheight\u001b[39m=\u001b[32m\"24\"\u001b[39m\n                \u001b[33mstroke\u001b[39m=\u001b[32m\"currentColor\"\u001b[39m\n                \u001b[33mstroke-linecap\u001b[39m=\u001b[32m\"round\"\u001b[39m\n                \u001b[33mstroke-linejoin\u001b[39m=\u001b[32m\"round\"\u001b[39m\n                \u001b[33mstroke-width\u001b[39m=\u001b[32m\"2\"\u001b[39m\n                \u001b[33mviewBox\u001b[39m=\u001b[32m\"0 0 24 24\"\u001b[39m\n                \u001b[33mwidth\u001b[39m=\u001b[32m\"24\"\u001b[39m\n                \u001b[33mxmlns\u001b[39m=\u001b[32m\"http://www.w3.org/2000/svg\"\u001b[39m\n              \u001b[36m>\u001b[39m\n                \u001b[36m<polyline\u001b[39m\n                  \u001b[33mpoints\u001b[39m=\u001b[32m\"14.5 17.5 3 6 3 3 6 3 17.5 14.5\"\u001b[39m\n                \u001b[36m/>\u001b[39m\n                \u001b[36m<line\u001b[39m\n                  \u001b[33mx1\u001b[39m=\u001b[32m\"13\"\u001b[39m\n                  \u001b[33mx2\u001b[39m=\u001b[32m\"19\"\u001b[39m\n                  \u001b[33my1\u001b[39m=\u001b[32m\"19\"\u001b[39m\n                  \u001b[33my2\u001b[39m=\u001b[32m\"13\"\u001b[39m\n                \u001b[36m/>\u001b[39m\n                \u001b[36m<line\u001b[39m\n                  \u001b[33mx1\u001b[39m=\u001b[32m\"16\"\u001b[39m\n                  \u001b[33mx2\u001b[39m=\u001b[32m\"20\"\u001b[39m\n                  \u001b[33my1\u001b[39m=\u001b[32m\"16\"\u001b[39m\n                  \u001b[33my2\u001b[39m=\u001b[32m\"20\"\u001b[39m\n                \u001b[36m/>\u001b[39m\n                \u001b[36m<line\u001b[39m\n                  \u001b[33mx1\u001b[39m=\u001b[32m\"19\"\u001b[39m\n                  \u001b[33mx2\u001b[39m=\u001b[32m\"21\"\u001b[39m\n                  \u001b[33my1\u001b[39m=\u001b[32m\"21\"\u001b[39m\n                  \u001b[33my2\u001b[39m=\u001b[32m\"19\"\u001b[39m\n                \u001b[36m/>\u001b[39m\n                \u001b[36m<polyline\u001b[39m\n                  \u001b[33mpoints\u001b[39m=\u001b[32m\"14.5 6.5 18 3 21 3 21 6 17.5 9.5\"\u001b[39m\n                \u001b[36m/>\u001b[39m\n                \u001b[36m<line\u001b[39m\n                  \u001b[33mx1\u001b[39m=\u001b[32m\"5\"\u001b[39m\n                  \u001b[33mx2\u001b[39m=\u001b[32m\"9\"\u001b[39m\n                  \u001b[33my1\u001b[39m=\u001b[32m\"14\"\u001b[39m\n                  \u001b[33my2\u001b[39m=\u001b[32m\"18\"\u001b[39m\n                \u001b[36m/>\u001b[39m\n                \u001b[36m<line\u001b[39m\n                  \u001b[33mx1\u001b[39m=\u001b[32m\"7\"\u001b[39m\n                  \u001b[33mx2\u001b[39m=\u001b[32m\"4\"\u001b[39m\n                  \u001b[33my1\u001b[39m=\u001b[32m\"17\"\u001b[39m\n                  \u001b[33my2\u001b[39m=\u001b[32m\"20\"\u001b[39m\n                \u001b[36m/>\u001b[39m\n                \u001b[36m<line\u001b[39m\n                  \u001b[33mx1\u001b[39m=\u001b[32m\"3\"\u001b[39m\n                  \u001b[33mx2\u001b[39m=\u001b[32m\"5\"\u001b[39m\n                  \u001b[33my1\u001b[39m=\u001b[32m\"19\"\u001b[39m\n                  \u001b[33my2\u001b[39m=\u001b[32m\"21\"\u001b[39m\n                \u001b[36m/>\u001b[39m\n              \u001b[36m</svg>\u001b[39m\n              \u001b[36m<span\u001b[39m\n                \u001b[33mclass\u001b[39m=\u001b[32m\"font-bold\"\u001b[39m\n              \u001b[36m>\u001b[39m\n                \u001b[0m2\u001b[0m\n              \u001b[36m</span>\u001b[39m\n              \u001b[36m<span\u001b[39m\n                \u001b[33mclass\u001b[39m=\u001b[32m\"ml-1 text-gray-600 dark:text-gray-400\"\u001b[39m\n              \u001b[36m>\u001b[39m\n                \u001b[0mATK\u001b[0m\n              \u001b[36m</span>\u001b[39m\n            \u001b[36m</div>\u001b[39m\n            \u001b[36m<div\u001b[39m\n              \u001b[33mclass\u001b[39m=\u001b[32m\"flex items-center gap-1 text-xs text-green-500\"\u001b[39m\n            \u001b[36m>\u001b[39m\n              \u001b[36m<svg\u001b[39m\n                \u001b[33mclass\u001b[39m=\u001b[32m\"lucide lucide-heart w-3 h-3\"\u001b[39m\n                \u001b[33mfill\u001b[39m=\u001b[32m\"none\"\u001b[39m\n                \u001b[33mheight\u001b[39m=\u001b[32m\"24\"\u001b[39m\n                \u001b[33mstroke\u001b[39m=\u001b[32m\"currentColor\"\u001b[39m\n                \u001b[33mstroke-linecap\u001b[39m=\u001b[32m\"round\"\u001b[39m\n                \u001b[33mstroke-linejoin\u001b[39m=\u001b[32m\"round\"\u001b[39m\n                \u001b[33mstroke-width\u001b[39m=\u001b[32m\"2\"\u001b[39m\n                \u001b[33mviewBox\u001b[39m=\u001b[32m\"0 0 24 24\"\u001b[39m\n                \u001b[33mwidth\u001b[39m=\u001b[32m\"24\"\u001b[39m\n                \u001b[33mxmlns\u001b[39m=\u001b[32m\"http://www.w3.org/2000/svg\"\u001b[39m\n              \u001b[36m>\u001b[39m\n                \u001b[36m<path\u001b[39m\n                  \u001b[33md\u001b[39m=\u001b[32m\"M19 14c1.49-1.46 3-3.21 3-5.5A5.5 5.5 0 0 0 16.5 3c-1.76 0-3 .5-4.5 2-1.5-1.5-2.74-2-4.5-2A5.5 5.5 0 0 0 2 8.5c0 2.3 1.5 4.05 3 5.5l7 7Z\"\u001b[39m\n                \u001b[36m/>\u001b[39m\n              \u001b[36m</svg>\u001b[39m\n              \u001b[36m<span\u001b[39m\n                \u001b[33mclass\u001b[39m=\u001b[32m\"font-bold\"\u001b[39m\n              \u001b[36m>\u001b[39m\n                \u001b[0m2\u001b[0m\n              \u001b[36m</span>\u001b[39m\n              \u001b[36m<span\u001b[39m\n                \u001b[33mclass\u001b[39m=\u001b[32m\"ml-1 text-gray-600 dark:text-gray-400\"\u001b[39m\n              \u001b[36m>\u001b[39m\n                \u001b[0mHP\u001b[0m\n              \u001b[36m</span>\u001b[39m\n            \u001b[36m</div>\u001b[39m\n          \u001b[36m</div>\u001b[39m\n          \u001b[36m<p\u001b[39m\n            \u001b[33mclass\u001b[39m=\u001b[32m\"text-xs text-gray-400 flex-1 overflow-hidden text-ellipsis\"\u001b[39m\n          \u001b[36m>\u001b[39m\n            \u001b[0mThis is a test card\u001b[0m\n          \u001b[36m</p>\u001b[39m\n          \u001b[36m<div\u001b[39m\n            \u001b[33mclass\u001b[39m=\u001b[32m\"mt-2\"\u001b[39m\n          \u001b[36m>\u001b[39m\n            \u001b[36m<div\u001b[39m\n              \u001b[33mclass\u001b[39m=\u001b[32m\"flex flex-wrap gap-1\"\u001b[39m\n            \u001b[36m>\u001b[39m\n              \u001b[36m<div\u001b[39m\n                \u001b[33mclass\u001b[39m=\u001b[32m\"inline-flex items-center rounded-full border px-2.5 py-0.5 font-semibold transition-colors focus:outline-none focus:ring-2 focus:ring-ring focus:ring-offset-2 text-foreground text-xs\"\u001b[39m\n              \u001b[36m>\u001b[39m\n                \u001b[0mTest Ability\u001b[0m\n              \u001b[36m</div>\u001b[39m\n            \u001b[36m</div>\u001b[39m\n          \u001b[36m</div>\u001b[39m\n          \u001b[36m<div\u001b[39m\n            \u001b[33mclass\u001b[39m=\u001b[32m\"mt-2 flex items-center justify-between\"\u001b[39m\n          \u001b[36m>\u001b[39m\n            \u001b[36m<div\u001b[39m\n              \u001b[33mclass\u001b[39m=\u001b[32m\"inline-flex items-center rounded-full border px-2.5 py-0.5 font-semibold transition-colors focus:outline-none focus:ring-2 focus:ring-ring focus:ring-offset-2 text-foreground text-xs dark:text-white\"\u001b[39m\n            \u001b[36m>\u001b[39m\n              \u001b[0m1\u001b[0m\n              \u001b[0m in deck\u001b[0m\n            \u001b[36m</div>\u001b[39m\n            \u001b[36m<div\u001b[39m\n              \u001b[33mclass\u001b[39m=\u001b[32m\"flex space-x-1 ml-auto\"\u001b[39m\n            \u001b[36m>\u001b[39m\n              \u001b[36m<button\u001b[39m\n                \u001b[33mclass\u001b[39m=\u001b[32m\"inline-flex items-center justify-center whitespace-nowrap rounded-md text-sm font-medium ring-offset-background transition-colors focus-visible:outline-none focus-visible:ring-2 focus-visible:ring-ring focus-visible:ring-offset-2 disabled:pointer-events-none disabled:opacity-50 border border-input bg-background hover:bg-accent hover:text-accent-foreground h-9 rounded-md px-3 h-6 w-6 p-0\"\u001b[39m\n              \u001b[36m>\u001b[39m\n                \u001b[36m<svg\u001b[39m\n                  \u001b[33mclass\u001b[39m=\u001b[32m\"lucide lucide-minus w-3 h-3\"\u001b[39m\n                  \u001b[33mfill\u001b[39m=\u001b[32m\"none\"\u001b[39m\n                  \u001b[33mheight\u001b[39m=\u001b[32m\"24\"\u001b[39m\n                  \u001b[33mstroke\u001b[39m=\u001b[32m\"currentColor\"\u001b[39m\n                  \u001b[33mstroke-linecap\u001b[39m=\u001b[32m\"round\"\u001b[39m\n                  \u001b[33mstroke-linejoin\u001b[39m=\u001b[32m\"round\"\u001b[39m\n                  \u001b[33mstroke-width\u001b[39m=\u001b[32m\"2\"\u001b[39m\n                  \u001b[33mviewBox\u001b[39m=\u001b[32m\"0 0 24 24\"\u001b[39m\n                  \u001b[33mwidth\u001b[39m=\u001b[32m\"24\"\u001b[39m\n                  \u001b[33mxmlns\u001b[39m=\u001b[32m\"http://www.w3.org/2000/svg\"\u001b[39m\n                \u001b[36m>\u001b[39m\n                  \u001b[36m<path\u001b[39m\n                    \u001b[33md\u001b[39m=\u001b[32m\"M5 12h14\"\u001b[39m\n                  \u001b[36m/>\u001b[39m\n                \u001b[36m</svg>\u001b[39m\n              \u001b[36m</button>\u001b[39m\n              \u001b[36m<span\u001b[39m\n                \u001b[33mclass\u001b[39m=\u001b[32m\"text-xs font-medium text-white bg-slate-700 px-2 py-1 rounded\"\u001b[39m\n              \u001b[36m>\u001b[39m\n                \u001b[0m1\u001b[0m\n                \u001b[0m/\u001b[0m\n                \u001b[0m3\u001b[0m\n              \u001b[36m</span>\u001b[39m\n            \u001b[36m</div>\u001b[39m\n          \u001b[36m</div>\u001b[39m\n        \u001b[36m</div>\u001b[39m\n        \u001b[36m<div\u001b[39m\n          \u001b[33mclass\u001b[39m=\u001b[32m\"absolute top-1 right-1 w-2 h-2 rounded-full bg-current opacity-60\"\u001b[39m\n        \u001b[36m/>\u001b[39m\n      \u001b[36m</div>\u001b[39m\n      \u001b[36m<div\u001b[39m\n        \u001b[33mclass\u001b[39m=\u001b[32m\"rounded-lg shadow-sm relative overflow-hidden transition-all duration-300 cursor-pointer group card-size-md h-64 bg-slate-800/90 border-slate-600 border-2 text-faction-umbral-primary\"\u001b[39m\n        \u001b[33mdraggable\u001b[39m=\u001b[32m\"false\"\u001b[39m\n      \u001b[36m>\u001b[39m\n        \u001b[36m<div\u001b[39m\n          \u001b[33mclass\u001b[39m=\u001b[32m\"flex flex-col space-y-1.5 p-2 pb-1\"\u001b[39m\n        \u001b[36m>\u001b[39m\n          \u001b[36m<div\u001b[39m\n            \u001b[33mclass\u001b[39m=\u001b[32m\"flex justify-between items-start\"\u001b[39m\n          \u001b[36m>\u001b[39m\n            \u001b[36m<div\u001b[39m\n              \u001b[33mclass\u001b[39m=\u001b[32m\"w-8 h-8 rounded-full flex items-center justify-center text-sm font-bold bg-gray-800 text-white\"\u001b[39m\n            \u001b[36m>\u001b[39m\n              \u001b[0m3\u001b[0m\n            \u001b[36m</div>\u001b[39m\n            \u001b[36m<div\u001b[39m\n              \u001b[33mclass\u001b[39m=\u001b[32m\"inline-flex items-center rounded-full border px-2.5 py-0.5 font-semibold transition-colors focus:outline-none focus:ring-2 focus:ring-ring focus:ring-offset-2 hover:bg-primary/80 text-xs bg-blue-600 text-white border-transparent\"\u001b[39m\n            \u001b[36m>\u001b[39m\n              \u001b[0mrare\u001b[0m\n            \u001b[36m</div>\u001b[39m\n          \u001b[36m</div>\u001b[39m\n          \u001b[36m<h3\u001b[39m\n            \u001b[33mclass\u001b[39m=\u001b[32m\"font-bold text-sm mb-1 truncate text-white group-hover:text-current\"\u001b[39m\n          \u001b[36m>\u001b[39m\n            \u001b[0mTest Card 2\u001b[0m\n          \u001b[36m</h3>\u001b[39m\n          \u001b[36m<div\u001b[39m\n            \u001b[33mclass\u001b[39m=\u001b[32m\"flex items-center text-xs text-gray-400\"\u001b[39m\n          \u001b[36m>\u001b[39m\n            \u001b[36m<span>\u001b[39m\n              \u001b[0maction\u001b[0m\n            \u001b[36m</span>\u001b[39m\n          \u001b[36m</div>\u001b[39m\n        \u001b[36m</div>\u001b[39m\n        \u001b[36m<div\u001b[39m\n          \u001b[33mclass\u001b[39m=\u001b[32m\"p-3 pt-1 flex flex-col h-full\"\u001b[39m\n        \u001b[36m>\u001b[39m\n          \u001b[36m<div\u001b[39m\n            \u001b[33mclass\u001b[39m=\u001b[32m\"w-full h-1/3 bg-gray-700/50 rounded mb-2 relative overflow-hidden flex items-center justify-center\"\u001b[39m\n          \u001b[36m>\u001b[39m\n            \u001b[36m<div\u001b[39m\n              \u001b[33mclass\u001b[39m=\u001b[32m\"text-sm opacity-70 w-full h-full flex items-center justify-center text-faction-umbral-primary\"\u001b[39m\n            \u001b[36m>\u001b[39m\n              \u001b[36m<span\u001b[39m\n                \u001b[33mclass\u001b[39m=\u001b[32m\"font-bold\"\u001b[39m\n              \u001b[36m>\u001b[39m\n                \u001b[0mTe\u001b[0m\n              \u001b[36m</span>\u001b[39m\n            \u001b[36m</div>\u001b[39m\n          \u001b[36m</div>\u001b[39m\n          \u001b[36m<p\u001b[39m\n            \u001b[33mclass\u001b[39m=\u001b[32m\"text-xs text-gray-400 flex-1 overflow-hidden text-ellipsis\"\u001b[39m\n          \u001b[36m>\u001b[39m\n            \u001b[0mThis is another test card\u001b[0m\n          \u001b[36m</p>\u001b[39m\n          \u001b[36m<div\u001b[39m\n            \u001b[33mclass\u001b[39m=\u001b[32m\"mt-2\"\u001b[39m\n          \u001b[36m>\u001b[39m\n            \u001b[36m<div\u001b[39m\n              \u001b[33mclass\u001b[39m=\u001b[32m\"flex flex-wrap gap-1\"\u001b[39m\n            \u001b[36m>\u001b[39m\n              \u001b[36m<div\u001b[39m\n                \u001b[33mclass\u001b[39m=\u001b[32m\"inline-flex items-center rounded-full border px-2.5 py-0.5 font-semibold transition-colors focus:outline-none focus:ring-2 focus:ring-ring focus:ring-offset-2 text-foreground text-xs\"\u001b[39m\n              \u001b[36m>\u001b[39m\n                \u001b[0mAnother Test Ability\u001b[0m\n              \u001b[36m</div>\u001b[39m\n            \u001b[36m</div>\u001b[39m\n          \u001b[36m</div>\u001b[39m\n          \u001b[36m<div\u001b[39m\n            \u001b[33mclass\u001b[39m=\u001b[32m\"mt-2 flex items-center justify-between\"\u001b[39m\n          \u001b[36m>\u001b[39m\n            \u001b[36m<div\u001b[39m\n              \u001b[33mclass\u001b[39m=\u001b[32m\"inline-flex items-center rounded-full border px-2.5 py-0.5 font-semibold transition-colors focus:outline-none focus:ring-2 focus:ring-ring focus:ring-offset-2 text-foreground text-xs dark:text-white\"\u001b[39m\n            \u001b[36m>\u001b[39m\n              \u001b[0m1\u001b[0m\n              \u001b[0m in deck\u001b[0m\n            \u001b[36m</div>\u001b[39m\n            \u001b[36m<div\u001b[39m\n              \u001b[33mclass\u001b[39m=\u001b[32m\"flex space-x-1 ml-auto\"\u001b[39m\n            \u001b[36m>\u001b[39m\n              \u001b[36m<button\u001b[39m\n                \u001b[33mclass\u001b[39m=\u001b[32m\"inline-flex items-center justify-center whitespace-nowrap rounded-md text-sm font-medium ring-offset-background transition-colors focus-visible:outline-none focus-visible:ring-2 focus-visible:ring-ring focus-visible:ring-offset-2 disabled:pointer-events-none disabled:opacity-50 border border-input bg-background hover:bg-accent hover:text-accent-foreground h-9 rounded-md px-3 h-6 w-6 p-0\"\u001b[39m\n              \u001b[36m>\u001b[39m\n                \u001b[36m<svg\u001b[39m\n                  \u001b[33mclass\u001b[39m=\u001b[32m\"lucide lucide-minus w-3 h-3\"\u001b[39m\n                  \u001b[33mfill\u001b[39m=\u001b[32m\"none\"\u001b[39m\n                  \u001b[33mheight\u001b[39m=\u001b[32m\"24\"\u001b[39m\n                  \u001b[33mstroke\u001b[39m=\u001b[32m\"currentColor\"\u001b[39m\n                  \u001b[33mstroke-linecap\u001b[39m=\u001b[32m\"round\"\u001b[39m\n                  \u001b[33mstroke-linejoin\u001b[39m=\u001b[32m\"round\"\u001b[39m\n                  \u001b[33mstroke-width\u001b[39m=\u001b[32m\"2\"\u001b[39m\n                  \u001b[33mviewBox\u001b[39m=\u001b[32m\"0 0 24 24\"\u001b[39m\n                  \u001b[33mwidth\u001b[39m=\u001b[32m\"24\"\u001b[39m\n                  \u001b[33mxmlns\u001b[39m=\u001b[32m\"http://www.w3.org/2000/svg\"\u001b[39m\n                \u001b[36m>\u001b[39m\n                  \u001b[36m<path\u001b[39m\n                    \u001b[33md\u001b[39m=\u001b[32m\"M5 12h14\"\u001b[39m\n                  \u001b[36m/>\u001b[39m\n                \u001b[36m</svg>\u001b[39m\n              \u001b[36m</button>\u001b[39m\n              \u001b[36m<span\u001b[39m\n                \u001b[33mclass\u001b[39m=\u001b[32m\"text-xs font-medium text-white bg-slate-700 px-2 py-1 rounded\"\u001b[39m\n              \u001b[36m>\u001b[39m\n                \u001b[0m1\u001b[0m\n                \u001b[0m/\u001b[0m\n                \u001b[0m3\u001b[0m\n              \u001b[36m</span>\u001b[39m\n            \u001b[36m</div>\u001b[39m\n          \u001b[36m</div>\u001b[39m\n        \u001b[36m</div>\u001b[39m\n        \u001b[36m<div\u001b[39m\n          \u001b[33mclass\u001b[39m=\u001b[32m\"absolute top-1 right-1 w-2 h-2 rounded-full bg-current opacity-60\"\u001b[39m\n        \u001b[36m/>\u001b[39m\n      \u001b[36m</div>\u001b[39m\n    \u001b[36m</div>\u001b[39m\n  \u001b[36m</div>\u001b[39m\n\u001b[36m</body>\u001b[39m\n    at Object.getElementError (C:\\Users\\smitj\\repos\\crisis-unleashed-app\\crisis-unleashed-app\\node_modules\\.pnpm\\@testing-library+dom@9.3.4\\node_modules\\@testing-library\\dom\\dist\\config.js:37:19)\n    at getAllByLabelText (C:\\Users\\smitj\\repos\\crisis-unleashed-app\\crisis-unleashed-app\\node_modules\\.pnpm\\@testing-library+dom@9.3.4\\node_modules\\@testing-library\\dom\\dist\\queries\\label-text.js:111:38)\n    at C:\\Users\\smitj\\repos\\crisis-unleashed-app\\crisis-unleashed-app\\node_modules\\.pnpm\\@testing-library+dom@9.3.4\\node_modules\\@testing-library\\dom\\dist\\query-helpers.js:109:15\n    at Object.getAllByLabelText (C:\\Users\\smitj\\repos\\crisis-unleashed-app\\crisis-unleashed-app\\frontend-next\\src\\__tests__\\components\\cards\\CardGrid.test.tsx:148:34)\n    at Promise.then.completed (C:\\Users\\smitj\\repos\\crisis-unleashed-app\\crisis-unleashed-app\\node_modules\\.pnpm\\jest-circus@29.7.0\\node_modules\\jest-circus\\build\\utils.js:298:28)\n    at new Promise (<anonymous>)\n    at callAsyncCircusFn (C:\\Users\\smitj\\repos\\crisis-unleashed-app\\crisis-unleashed-app\\node_modules\\.pnpm\\jest-circus@29.7.0\\node_modules\\jest-circus\\build\\utils.js:231:10)\n    at _callCircusTest (C:\\Users\\smitj\\repos\\crisis-unleashed-app\\crisis-unleashed-app\\node_modules\\.pnpm\\jest-circus@29.7.0\\node_modules\\jest-circus\\build\\run.js:316:40)\n    at _runTest (C:\\Users\\smitj\\repos\\crisis-unleashed-app\\crisis-unleashed-app\\node_modules\\.pnpm\\jest-circus@29.7.0\\node_modules\\jest-circus\\build\\run.js:252:3)\n    at _runTestsForDescribeBlock (C:\\Users\\smitj\\repos\\crisis-unleashed-app\\crisis-unleashed-app\\node_modules\\.pnpm\\jest-circus@29.7.0\\node_modules\\jest-circus\\build\\run.js:126:9)\n    at _runTestsForDescribeBlock (C:\\Users\\smitj\\repos\\crisis-unleashed-app\\crisis-unleashed-app\\node_modules\\.pnpm\\jest-circus@29.7.0\\node_modules\\jest-circus\\build\\run.js:121:9)\n    at run (C:\\Users\\smitj\\repos\\crisis-unleashed-app\\crisis-unleashed-app\\node_modules\\.pnpm\\jest-circus@29.7.0\\node_modules\\jest-circus\\build\\run.js:71:3)\n    at runAndTransformResultsToJestFormat (C:\\Users\\smitj\\repos\\crisis-unleashed-app\\crisis-unleashed-app\\node_modules\\.pnpm\\jest-circus@29.7.0\\node_modules\\jest-circus\\build\\legacy-code-todo-rewrite\\jestAdapterInit.js:122:21)\n    at jestAdapter (C:\\Users\\smitj\\repos\\crisis-unleashed-app\\crisis-unleashed-app\\node_modules\\.pnpm\\jest-circus@29.7.0\\node_modules\\jest-circus\\build\\legacy-code-todo-rewrite\\jestAdapter.js:79:19)\n    at runTestInternal (C:\\Users\\smitj\\repos\\crisis-unleashed-app\\crisis-unleashed-app\\node_modules\\.pnpm\\jest-runner@29.7.0\\node_modules\\jest-runner\\build\\runTest.js:367:16)\n    at runTest (C:\\Users\\smitj\\repos\\crisis-unleashed-app\\crisis-unleashed-app\\node_modules\\.pnpm\\jest-runner@29.7.0\\node_modules\\jest-runner\\build\\runTest.js:444:34)"
          ],
          "fullName": "CardGrid Component calls remove handler when remove button is clicked",
          "invocations": 1,
          "location": null,
          "numPassingAsserts": 0,
          "retryReasons": [],
          "status": "failed",
          "title": "calls remove handler when remove button is clicked"
        },
        {
          "ancestorTitles": ["CardGrid Component"],
          "duration": 513,
          "failureDetails": [{ "name": "TestingLibraryElementError" }],
          "failureMessages": [
            "TestingLibraryElementError: Unable to find an accessible element with the role \"button\" and name `/test card 1/i`\n\nHere are the accessible roles:\n\n  heading:\n\n  Name \"Test Card 1\":\n  \u001b[36m<h3\u001b[39m\n    \u001b[33mclass\u001b[39m=\u001b[32m\"font-bold text-sm mb-1 truncate text-white group-hover:text-current\"\u001b[39m\n  \u001b[36m/>\u001b[39m\n\n  Name \"Test Card 2\":\n  \u001b[36m<h3\u001b[39m\n    \u001b[33mclass\u001b[39m=\u001b[32m\"font-bold text-sm mb-1 truncate text-white group-hover:text-current\"\u001b[39m\n  \u001b[36m/>\u001b[39m\n\n  --------------------------------------------------\n\nIgnored nodes: comments, script, style\n\u001b[36m<body>\u001b[39m\n  \u001b[36m<div>\u001b[39m\n    \u001b[36m<div\u001b[39m\n      \u001b[33mclass\u001b[39m=\u001b[32m\"grid gap-4 grid-cols-1 sm:grid-cols-2 md:grid-cols-3 lg:grid-cols-4\"\u001b[39m\n    \u001b[36m>\u001b[39m\n      \u001b[36m<div\u001b[39m\n        \u001b[33mclass\u001b[39m=\u001b[32m\"rounded-lg shadow-sm relative overflow-hidden transition-all duration-300 group card-size-md h-64 bg-slate-800/90 border-slate-600 opacity-50 cursor-not-allowed hover:scale-105 hover:shadow-lg border-2 text-faction-solaris-primary\"\u001b[39m\n        \u001b[33mdraggable\u001b[39m=\u001b[32m\"false\"\u001b[39m\n      \u001b[36m>\u001b[39m\n        \u001b[36m<div\u001b[39m\n          \u001b[33mclass\u001b[39m=\u001b[32m\"flex flex-col space-y-1.5 p-2 pb-1\"\u001b[39m\n        \u001b[36m>\u001b[39m\n          \u001b[36m<div\u001b[39m\n            \u001b[33mclass\u001b[39m=\u001b[32m\"flex justify-between items-start\"\u001b[39m\n          \u001b[36m>\u001b[39m\n            \u001b[36m<div\u001b[39m\n              \u001b[33mclass\u001b[39m=\u001b[32m\"w-8 h-8 rounded-full flex items-center justify-center text-sm font-bold bg-gray-800 text-white\"\u001b[39m\n            \u001b[36m>\u001b[39m\n              \u001b[0m2\u001b[0m\n            \u001b[36m</div>\u001b[39m\n            \u001b[36m<div\u001b[39m\n              \u001b[33mclass\u001b[39m=\u001b[32m\"inline-flex items-center rounded-full border px-2.5 py-0.5 font-semibold transition-colors focus:outline-none focus:ring-2 focus:ring-ring focus:ring-offset-2 hover:bg-primary/80 text-xs bg-gray-600 text-white border-transparent\"\u001b[39m\n            \u001b[36m>\u001b[39m\n              \u001b[0mcommon\u001b[0m\n            \u001b[36m</div>\u001b[39m\n          \u001b[36m</div>\u001b[39m\n          \u001b[36m<h3\u001b[39m\n            \u001b[33mclass\u001b[39m=\u001b[32m\"font-bold text-sm mb-1 truncate text-white group-hover:text-current\"\u001b[39m\n          \u001b[36m>\u001b[39m\n            \u001b[0mTest Card 1\u001b[0m\n          \u001b[36m</h3>\u001b[39m\n          \u001b[36m<div\u001b[39m\n            \u001b[33mclass\u001b[39m=\u001b[32m\"flex items-center text-xs text-gray-400\"\u001b[39m\n          \u001b[36m>\u001b[39m\n            \u001b[36m<span>\u001b[39m\n              \u001b[0munit\u001b[0m\n            \u001b[36m</span>\u001b[39m\n          \u001b[36m</div>\u001b[39m\n        \u001b[36m</div>\u001b[39m\n        \u001b[36m<div\u001b[39m\n          \u001b[33mclass\u001b[39m=\u001b[32m\"p-3 pt-1 flex flex-col h-full\"\u001b[39m\n        \u001b[36m>\u001b[39m\n          \u001b[36m<div\u001b[39m\n            \u001b[33mclass\u001b[39m=\u001b[32m\"w-full h-1/3 bg-gray-700/50 rounded mb-2 relative overflow-hidden flex items-center justify-center\"\u001b[39m\n          \u001b[36m>\u001b[39m\n            \u001b[36m<div\u001b[39m\n              \u001b[33mclass\u001b[39m=\u001b[32m\"text-sm opacity-70 w-full h-full flex items-center justify-center text-faction-solaris-primary\"\u001b[39m\n            \u001b[36m>\u001b[39m\n              \u001b[36m<span\u001b[39m\n                \u001b[33mclass\u001b[39m=\u001b[32m\"font-bold\"\u001b[39m\n              \u001b[36m>\u001b[39m\n                \u001b[0mTe\u001b[0m\n              \u001b[36m</span>\u001b[39m\n            \u001b[36m</div>\u001b[39m\n          \u001b[36m</div>\u001b[39m\n          \u001b[36m<div\u001b[39m\n            \u001b[33mclass\u001b[39m=\u001b[32m\"flex justify-between mb-2\"\u001b[39m\n          \u001b[36m>\u001b[39m\n            \u001b[36m<div\u001b[39m\n              \u001b[33mclass\u001b[39m=\u001b[32m\"flex items-center gap-1 text-xs text-red-500\"\u001b[39m\n            \u001b[36m>\u001b[39m\n              \u001b[36m<svg\u001b[39m\n                \u001b[33mclass\u001b[39m=\u001b[32m\"lucide lucide-swords w-3 h-3\"\u001b[39m\n                \u001b[33mfill\u001b[39m=\u001b[32m\"none\"\u001b[39m\n                \u001b[33mheight\u001b[39m=\u001b[32m\"24\"\u001b[39m\n                \u001b[33mstroke\u001b[39m=\u001b[32m\"currentColor\"\u001b[39m\n                \u001b[33mstroke-linecap\u001b[39m=\u001b[32m\"round\"\u001b[39m\n                \u001b[33mstroke-linejoin\u001b[39m=\u001b[32m\"round\"\u001b[39m\n                \u001b[33mstroke-width\u001b[39m=\u001b[32m\"2\"\u001b[39m\n                \u001b[33mviewBox\u001b[39m=\u001b[32m\"0 0 24 24\"\u001b[39m\n                \u001b[33mwidth\u001b[39m=\u001b[32m\"24\"\u001b[39m\n                \u001b[33mxmlns\u001b[39m=\u001b[32m\"http://www.w3.org/2000/svg\"\u001b[39m\n              \u001b[36m>\u001b[39m\n                \u001b[36m<polyline\u001b[39m\n                  \u001b[33mpoints\u001b[39m=\u001b[32m\"14.5 17.5 3 6 3 3 6 3 17.5 14.5\"\u001b[39m\n                \u001b[36m/>\u001b[39m\n                \u001b[36m<line\u001b[39m\n                  \u001b[33mx1\u001b[39m=\u001b[32m\"13\"\u001b[39m\n                  \u001b[33mx2\u001b[39m=\u001b[32m\"19\"\u001b[39m\n                  \u001b[33my1\u001b[39m=\u001b[32m\"19\"\u001b[39m\n                  \u001b[33my2\u001b[39m=\u001b[32m\"13\"\u001b[39m\n                \u001b[36m/>\u001b[39m\n                \u001b[36m<line\u001b[39m\n                  \u001b[33mx1\u001b[39m=\u001b[32m\"16\"\u001b[39m\n                  \u001b[33mx2\u001b[39m=\u001b[32m\"20\"\u001b[39m\n                  \u001b[33my1\u001b[39m=\u001b[32m\"16\"\u001b[39m\n                  \u001b[33my2\u001b[39m=\u001b[32m\"20\"\u001b[39m\n                \u001b[36m/>\u001b[39m\n                \u001b[36m<line\u001b[39m\n                  \u001b[33mx1\u001b[39m=\u001b[32m\"19\"\u001b[39m\n                  \u001b[33mx2\u001b[39m=\u001b[32m\"21\"\u001b[39m\n                  \u001b[33my1\u001b[39m=\u001b[32m\"21\"\u001b[39m\n                  \u001b[33my2\u001b[39m=\u001b[32m\"19\"\u001b[39m\n                \u001b[36m/>\u001b[39m\n                \u001b[36m<polyline\u001b[39m\n                  \u001b[33mpoints\u001b[39m=\u001b[32m\"14.5 6.5 18 3 21 3 21 6 17.5 9.5\"\u001b[39m\n                \u001b[36m/>\u001b[39m\n                \u001b[36m<line\u001b[39m\n                  \u001b[33mx1\u001b[39m=\u001b[32m\"5\"\u001b[39m\n                  \u001b[33mx2\u001b[39m=\u001b[32m\"9\"\u001b[39m\n                  \u001b[33my1\u001b[39m=\u001b[32m\"14\"\u001b[39m\n                  \u001b[33my2\u001b[39m=\u001b[32m\"18\"\u001b[39m\n                \u001b[36m/>\u001b[39m\n                \u001b[36m<line\u001b[39m\n                  \u001b[33mx1\u001b[39m=\u001b[32m\"7\"\u001b[39m\n                  \u001b[33mx2\u001b[39m=\u001b[32m\"4\"\u001b[39m\n                  \u001b[33my1\u001b[39m=\u001b[32m\"17\"\u001b[39m\n                  \u001b[33my2\u001b[39m=\u001b[32m\"20\"\u001b[39m\n                \u001b[36m/>\u001b[39m\n                \u001b[36m<line\u001b[39m\n                  \u001b[33mx1\u001b[39m=\u001b[32m\"3\"\u001b[39m\n                  \u001b[33mx2\u001b[39m=\u001b[32m\"5\"\u001b[39m\n                  \u001b[33my1\u001b[39m=\u001b[32m\"19\"\u001b[39m\n                  \u001b[33my2\u001b[39m=\u001b[32m\"21\"\u001b[39m\n                \u001b[36m/>\u001b[39m\n              \u001b[36m</svg>\u001b[39m\n              \u001b[36m<span\u001b[39m\n     
[...]
          "invocations": 1,
          "location": null,
          "numPassingAsserts": 5,
          "retryReasons": [],
          "status": "passed",
          "title": "renders the form correctly"
        },
        {
          "ancestorTitles": ["PlayerRegistrationForm"],
          "duration": 450,
          "failureDetails": [],
          "failureMessages": [],
          "fullName": "PlayerRegistrationForm validates form fields on user interaction",
          "invocations": 1,
          "location": null,
          "numPassingAsserts": 2,
          "retryReasons": [],
          "status": "passed",
          "title": "validates form fields on user interaction"
        },
        {
          "ancestorTitles": ["PlayerRegistrationForm"],
          "duration": 535,
          "failureDetails": [],
          "failureMessages": [],
          "fullName": "PlayerRegistrationForm validates username format correctly",
          "invocations": 1,
          "location": null,
          "numPassingAsserts": 2,
          "retryReasons": [],
          "status": "passed",
          "title": "validates username format correctly"
        },
        {
          "ancestorTitles": ["PlayerRegistrationForm"],
          "duration": 695,
          "failureDetails": [],
          "failureMessages": [],
          "fullName": "PlayerRegistrationForm handles form submission correctly with valid data",
          "invocations": 1,
          "location": null,
          "numPassingAsserts": 1,
          "retryReasons": [],
          "status": "passed",
          "title": "handles form submission correctly with valid data"
        },
        {
          "ancestorTitles": ["PlayerRegistrationForm"],
          "duration": 17,
          "failureDetails": [],
          "failureMessages": [],
          "fullName": "PlayerRegistrationForm disables the submit button when isLoading is true",
          "invocations": 1,
          "location": null,
          "numPassingAsserts": 2,
          "retryReasons": [],
          "status": "passed",
          "title": "disables the submit button when isLoading is true"
        },
        {
          "ancestorTitles": ["PlayerRegistrationForm"],
          "duration": 152,
          "failureDetails": [],
          "failureMessages": [],
          "fullName": "PlayerRegistrationForm handles terms and privacy policy button clicks",
          "invocations": 1,
          "location": null,
          "numPassingAsserts": 2,
          "retryReasons": [],
          "status": "passed",
          "title": "handles terms and privacy policy button clicks"
        }
      ],
      "endTime": 1755167175620,
      "message": "",
      "name": "C:\\Users\\smitj\\repos\\crisis-unleashed-app\\crisis-unleashed-app\\frontend-next\\src\\__tests__\\components\\forms\\PlayerRegistrationForm.test.tsx",
      "startTime": 1755167172872,
      "status": "passed",
      "summary": ""
    },
    {
      "assertionResults": [
        {
          "ancestorTitles": ["DropZone"],
          "duration": 16,
          "failureDetails": [],
          "failureMessages": [],
          "fullName": "DropZone renders header and children",
          "invocations": 1,
          "location": null,
          "numPassingAsserts": 3,
          "retryReasons": [],
          "status": "passed",
          "title": "renders header and children"
        }
      ],
      "endTime": 1755167176240,
      "message": "",
      "name": "C:\\Users\\smitj\\repos\\crisis-unleashed-app\\crisis-unleashed-app\\frontend-next\\src\\components\\deck-builder\\deck\\__tests__\\DropZone.test.tsx",
      "startTime": 1755167175640,
      "status": "passed",
      "summary": ""
    },
    {
      "assertionResults": [
        {
          "ancestorTitles": ["CardGrid Component"],
          "duration": 16,
          "failureDetails": [],
          "failureMessages": [],
          "fullName": "CardGrid Component renders cards correctly",
          "invocations": 1,
          "location": null,
          "numPassingAsserts": 6,
          "retryReasons": [],
          "status": "passed",
          "title": "renders cards correctly"
        },
        {
          "ancestorTitles": ["CardGrid Component"],
          "duration": 41,
          "failureDetails": [],
          "failureMessages": [],
          "fullName": "CardGrid Component renders loading skeletons when loading is true",
          "invocations": 1,
          "location": null,
          "numPassingAsserts": 1,
          "retryReasons": [],
          "status": "passed",
          "title": "renders loading skeletons when loading is true"
        },
        {
          "ancestorTitles": ["CardGrid Component"],
          "duration": 9,
          "failureDetails": [],
          "failureMessages": [],
          "fullName": "CardGrid Component renders empty message when no cards are available",
          "invocations": 1,
          "location": null,
          "numPassingAsserts": 1,
          "retryReasons": [],
          "status": "passed",
          "title": "renders empty message when no cards are available"
        },
        {
          "ancestorTitles": ["CardGrid Component"],
          "duration": 31,
          "failureDetails": [],
          "failureMessages": [],
          "fullName": "CardGrid Component calls onCardClick when a card is clicked",
          "invocations": 1,
          "location": null,
          "numPassingAsserts": 2,
          "retryReasons": [],
          "status": "passed",
          "title": "calls onCardClick when a card is clicked"
        },
        {
          "ancestorTitles": ["CardGrid Component"],
          "duration": 11,
          "failureDetails": [],
          "failureMessages": [],
          "fullName": "CardGrid Component calls onCardAdd when add button is clicked",
          "invocations": 1,
          "location": null,
          "numPassingAsserts": 2,
          "retryReasons": [],
          "status": "passed",
          "title": "calls onCardAdd when add button is clicked"
        },
        {
          "ancestorTitles": ["CardGrid Component"],
          "duration": 7,
          "failureDetails": [],
          "failureMessages": [],
          "fullName": "CardGrid Component calls onCardRemove when remove button is clicked",
          "invocations": 1,
          "location": null,
          "numPassingAsserts": 2,
          "retryReasons": [],
          "status": "passed",
          "title": "calls onCardRemove when remove button is clicked"
        },
        {
          "ancestorTitles": ["CardGrid Component"],
          "duration": 12,
          "failureDetails": [],
          "failureMessages": [],
          "fullName": "CardGrid Component passes quantity values to GameCard components",
          "invocations": 1,
          "location": null,
          "numPassingAsserts": 6,
          "retryReasons": [],
          "status": "passed",
          "title": "passes quantity values to GameCard components"
        },
        {
          "ancestorTitles": ["CardGrid Component"],
          "duration": 5,
          "failureDetails": [],
          "failureMessages": [],
          "fullName": "CardGrid Component passes disabled state to GameCard components",
          "invocations": 1,
          "location": null,
          "numPassingAsserts": 3,
          "retryReasons": [],
          "status": "passed",
          "title": "passes disabled state to GameCard components"
        },
        {
          "ancestorTitles": ["CardGrid Component"],
          "duration": 12,
          "failureDetails": [],
          "failureMessages": [],
          "fullName": "CardGrid Component applies correct grid column classes based on columnCount prop",
          "invocations": 1,
          "location": null,
          "numPassingAsserts": 6,
          "retryReasons": [],
          "status": "passed",
          "title": "applies correct grid column classes based on columnCount prop"
        },
        {
          "ancestorTitles": ["CardGrid Component"],
          "duration": 5,
          "failureDetails": [],
          "failureMessages": [],
          "fullName": "CardGrid Component applies custom className",
          "invocations": 1,
          "location": null,
          "numPassingAsserts": 1,
          "retryReasons": [],
          "status": "passed",
          "title": "applies custom className"
        }
      ],
      "endTime": 1755167177058,
      "message": "",
      "name": "C:\\Users\\smitj\\repos\\crisis-unleashed-app\\crisis-unleashed-app\\frontend-next\\src\\components\\cards\\__tests__\\CardGrid.test.tsx",
      "startTime": 1755167176264,
      "status": "passed",
      "summary": ""
    },
    {
      "assertionResults": [
        {
          "ancestorTitles": ["Jest Configuration"],
          "duration": 4,
          "failureDetails": [],
          "failureMessages": [],
          "fullName": "Jest Configuration Jest is configured correctly",
          "invocations": 1,
          "location": null,
          "numPassingAsserts": 2,
          "retryReasons": [],
          "status": "passed",
          "title": "Jest is configured correctly"
        }
      ],
      "endTime": 1755167177624,
      "message": "",
      "name": "C:\\Users\\smitj\\repos\\crisis-unleashed-app\\crisis-unleashed-app\\frontend-next\\src\\components\\__tests__\\sample.test.tsx",
      "startTime": 1755167177083,
      "status": "passed",
      "summary": ""
    },
    {
      "assertionResults": [
        {
          "ancestorTitles": ["useDeckDnD"],
          "duration": 5,
          "failureDetails": [],
          "failureMessages": [],
          "fullName": "useDeckDnD adds by id payload",
          "invocations": 1,
          "location": null,
          "numPassingAsserts": 4,
          "retryReasons": [],
          "status": "passed",
          "title": "adds by id payload"
        },
        {
          "ancestorTitles": ["useDeckDnD"],
          "duration": 1,
          "failureDetails": [],
          "failureMessages": [],
          "fullName": "useDeckDnD adds by JSON payload",
          "invocations": 1,
          "location": null,
          "numPassingAsserts": 2,
          "retryReasons": [],
          "status": "passed",
          "title": "adds by JSON payload"
        },
        {
          "ancestorTitles": ["useDeckDnD"],
          "duration": 2,
          "failureDetails": [],
          "failureMessages": [],
          "fullName": "useDeckDnD invalid drop triggers onInvalid",
          "invocations": 1,
          "location": null,
          "numPassingAsserts": 2,
          "retryReasons": [],
          "status": "passed",
          "title": "invalid drop triggers onInvalid"
        }
      ],
      "endTime": 1755167178254,
      "message": "",
      "name": "C:\\Users\\smitj\\repos\\crisis-unleashed-app\\crisis-unleashed-app\\frontend-next\\src\\components\\deck-builder\\hooks\\__tests__\\useDeckDnD.test.tsx",
      "startTime": 1755167177682,
      "status": "passed",
      "summary": ""
    },
    {
      "assertionResults": [
        {
          "ancestorTitles": ["useDebounce hook"],
          "duration": 3,
          "failureDetails": [],
          "failureMessages": [],
          "fullName": "useDebounce hook should return the initial value immediately",
          "invocations": 1,
          "location": null,
          "numPassingAsserts": 1,
          "retryReasons": [],
          "status": "passed",
          "title": "should return the initial value immediately"
        },
        {
          "ancestorTitles": ["useDebounce hook"],
          "duration": 2,
          "failureDetails": [],
          "failureMessages": [],
          "fullName": "useDebounce hook should debounce the value change after the specified delay",
          "invocations": 1,
          "location": null,
          "numPassingAsserts": 3,
          "retryReasons": [],
          "status": "passed",
          "title": "should debounce the value change after the specified delay"
        },
        {
          "ancestorTitles": ["useDebounce hook"],
          "duration": 2,
          "failureDetails": [],
          "failureMessages": [],
          "fullName": "useDebounce hook should use the default delay of 300ms when no delay is provided",
          "invocations": 1,
          "location": null,
          "numPassingAsserts": 4,
          "retryReasons": [],
          "status": "passed",
          "title": "should use the default delay of 300ms when no delay is provided"
        },
        {
          "ancestorTitles": ["useDebounce hook"],
          "duration": 8,
          "failureDetails": [],
          "failureMessages": [],
          "fullName": "useDebounce hook should handle multiple updates correctly",
          "invocations": 1,
          "location": null,
          "numPassingAsserts": 2,
          "retryReasons": [],
          "status": "passed",
          "title": "should handle multiple updates correctly"
        }
      ],
      "endTime": 1755167178662,
      "message": "",
      "name": "C:\\Users\\smitj\\repos\\crisis-unleashed-app\\crisis-unleashed-app\\frontend-next\\src\\__tests__\\hooks\\useDebounce.test.ts",
      "startTime": 1755167178270,
      "status": "passed",
      "summary": ""
    },
    {
      "assertionResults": [
        {
          "ancestorTitles": ["Button Component"],
          "duration": 26,
          "failureDetails": [],
          "failureMessages": [],
          "fullName": "Button Component renders correctly with default props",
          "invocations": 1,
          "location": null,
          "numPassingAsserts": 2,
          "retryReasons": [],
          "status": "passed",
          "title": "renders correctly with default props"
        },
        {
          "ancestorTitles": ["Button Component"],
          "duration": 9,
          "failureDetails": [],
          "failureMessages": [],
          "fullName": "Button Component applies variant classes correctly",
          "invocations": 1,
          "location": null,
          "numPassingAsserts": 1,
          "retryReasons": [],
          "status": "passed",
          "title": "applies variant classes correctly"
        },
        {
          "ancestorTitles": ["Button Component"],
          "duration": 18,
          "failureDetails": [],
          "failureMessages": [],
          "fullName": "Button Component applies size classes correctly",
          "invocations": 1,
          "location": null,
          "numPassingAsserts": 1,
          "retryReasons": [],
          "status": "passed",
          "title": "applies size classes correctly"
        },
        {
          "ancestorTitles": ["Button Component"],
          "duration": 9,
          "failureDetails": [],
          "failureMessages": [],
          "fullName": "Button Component applies additional className",
          "invocations": 1,
          "location": null,
          "numPassingAsserts": 1,
          "retryReasons": [],
          "status": "passed",
          "title": "applies additional className"
        },
        {
          "ancestorTitles": ["Button Component"],
          "duration": 45,
          "failureDetails": [],
          "failureMessages": [],
          "fullName": "Button Component handles click events",
          "invocations": 1,
          "location": null,
          "numPassingAsserts": 1,
          "retryReasons": [],
          "status": "passed",
          "title": "handles click events"
        },
        {
          "ancestorTitles": ["Button Component"],
          "duration": 36,
          "failureDetails": [],
          "failureMessages": [],
          "fullName": "Button Component can be disabled",
          "invocations": 1,
          "location": null,
          "numPassingAsserts": 2,
          "retryReasons": [],
          "status": "passed",
          "title": "can be disabled"
        }
      ],
      "endTime": 1755167179159,
      "message": "",
      "name": "C:\\Users\\smitj\\repos\\crisis-unleashed-app\\crisis-unleashed-app\\frontend-next\\src\\__tests__\\components\\ui\\Button.test.tsx",
      "startTime": 1755167178678,
      "status": "passed",
      "summary": ""
    },
    {
      "assertionResults": [
        {
          "ancestorTitles": ["useDeckReorder"],
          "duration": 17,
          "failureDetails": [],
          "failureMessages": [],
          "fullName": "useDeckReorder moves item between positions",
          "invocations": 1,
          "location": null,
          "numPassingAsserts": 2,
          "retryReasons": [],
          "status": "passed",
          "title": "moves item between positions"
        },
        {
          "ancestorTitles": ["useDeckReorder"],
          "duration": 10,
          "failureDetails": [],
          "failureMessages": [],
          "fullName": "useDeckReorder moves item up/down via keyboard direction",
          "invocations": 1,
          "location": null,
          "numPassingAsserts": 4,
          "retryReasons": [],
          "status": "passed",
          "title": "moves item up/down via keyboard direction"
        }
      ],
      "endTime": 1755167180429,
      "message": "",
      "name": "C:\\Users\\smitj\\repos\\crisis-unleashed-app\\crisis-unleashed-app\\frontend-next\\src\\components\\deck-builder\\hooks\\__tests__\\useDeckReorder.test.ts",
      "startTime": 1755167179201,
      "status": "passed",
      "summary": ""
    },
    {
      "assertionResults": [
        {
          "ancestorTitles": ["useDeckAnnouncer"],
          "duration": 22,
          "failureDetails": [],
          "failureMessages": [],
          "fullName": "useDeckAnnouncer announces add, remove, and clears message",
          "invocations": 1,
          "location": null,
          "numPassingAsserts": 3,
          "retryReasons": [],
          "status": "passed",
          "title": "announces add, remove, and clears message"
        }
      ],
      "endTime": 1755167182162,
      "message": "",
      "name": "C:\\Users\\smitj\\repos\\crisis-unleashed-app\\crisis-unleashed-app\\frontend-next\\src\\components\\deck-builder\\hooks\\__tests__\\useDeckAnnouncer.test.ts",
      "startTime": 1755167180477,
      "status": "passed",
      "summary": ""
    },
    {
      "assertionResults": [
        {
          "ancestorTitles": ["DeckSummary"],
          "duration": 8,
          "failureDetails": [],
          "failureMessages": [],
          "fullName": "DeckSummary renders counts and average",
          "invocations": 1,
          "location": null,
          "numPassingAsserts": 4,
          "retryReasons": [],
          "status": "passed",
          "title": "renders counts and average"
        }
      ],
      "endTime": 1755167183732,
      "message": "",
      "name": "C:\\Users\\smitj\\repos\\crisis-unleashed-app\\crisis-unleashed-app\\frontend-next\\src\\components\\deck-builder\\deck\\__tests__\\DeckSummary.test.tsx",
      "startTime": 1755167182225,
      "status": "passed",
      "summary": ""
    },
    {
      "assertionResults": [
        {
          "ancestorTitles": ["DeckList + ReorderableList integration"],
          "duration": null,
          "failureDetails": [],
          "failureMessages": [],
          "fullName": "DeckList + ReorderableList integration keyboard ArrowDown triggers onReorder when reorder enabled (plain Arrow)",
          "invocations": 1,
          "location": null,
          "numPassingAsserts": 0,
          "retryReasons": [],
          "status": "pending",
          "title": "keyboard ArrowDown triggers onReorder when reorder enabled (plain Arrow)"
        }
      ],
      "coverage": {},
      "endTime": 1755167185091,
      "message": "",
      "name": "C:\\Users\\smitj\\repos\\crisis-unleashed-app\\crisis-unleashed-app\\frontend-next\\src\\components\\deck-builder\\__tests__\\DeckList.reorder.int.test.tsx",
      "startTime": 1755167185091,
      "status": "skipped",
      "summary": ""
    }
  ],
  "wasInterrupted": false
}
